#
# There is insufficient memory for the Java Runtime Environment to continue.
# Native memory allocation (mmap) failed to map 199229440 bytes for Failed to commit area from 0x0000000742200000 to 0x000000074e000000 of length 199229440.
# Possible reasons:
#   The system is out of physical RAM or swap space
#   The process is running with CompressedOops enabled, and the Java Heap may be blocking the growth of the native heap
# Possible solutions:
#   Reduce memory load on the system
#   Increase physical memory or swap space
#   Check if swap backing store is full
#   Decrease Java heap size (-Xmx/-Xms)
#   Decrease number of Java threads
#   Decrease Java thread stack sizes (-Xss)
#   Set larger code cache with -XX:ReservedCodeCacheSize=
# This output file may be truncated or incomplete.
#
#  Out of Memory Error (./src/hotspot/os/windows/os_windows.cpp:3301), pid=13580, tid=16020
#
# JRE version:  (11.0.10) (build )
# Java VM: OpenJDK 64-Bit Server VM (11.0.10+0-b96-7249189, mixed mode, sharing, tiered, compressed oops, g1 gc, windows-amd64)
# No core dump will be written. Minidumps are not enabled by default on client versions of Windows
#

---------------  S U M M A R Y ------------

Command Line: org.jetbrains.kotlin.cli.jvm.K2JVMCompiler @D:\Online Classes\Codepath - Android App Development\projects\Flixster\app\build\20220302_15926154087779366954.compiler.options

Host: Intel(R) Core(TM) i7-6700T CPU @ 2.80GHz, 8 cores, 11G,  Windows 10 , 64 bit Build 19041 (10.0.19041.1503)
Time: Wed Mar  2 23:37:02 2022 Eastern Standard Time elapsed time: 0.010363 seconds (0d 0h 0m 0s)

---------------  T H R E A D  ---------------

Current thread (0x000001faea6e9800):  JavaThread "Unknown thread" [_thread_in_vm, id=16020, stack(0x000000a384500000,0x000000a384600000)]

Stack: [0x000000a384500000,0x000000a384600000]
Native frames: (J=compiled Java code, j=interpreted, Vv=VM code, C=native code)
V  [jvm.dll+0x5ecfaa]
V  [jvm.dll+0x722bd5]
V  [jvm.dll+0x72412d]
V  [jvm.dll+0x7247e3]
V  [jvm.dll+0x242928]
V  [jvm.dll+0x5ea374]
V  [jvm.dll+0x5df425]
V  [jvm.dll+0x2fdebb]
V  [jvm.dll+0x2fde2a]
V  [jvm.dll+0x2fdd02]
V  [jvm.dll+0x302bf6]
V  [jvm.dll+0x34b2a3]
V  [jvm.dll+0x34b9a6]
V  [jvm.dll+0x34b3a3]
V  [jvm.dll+0x2d8888]
V  [jvm.dll+0x2d9a37]
V  [jvm.dll+0x701737]
V  [jvm.dll+0x702f2c]
V  [jvm.dll+0x3587d9]
V  [jvm.dll+0x6e4fae]
V  [jvm.dll+0x3c0be3]
V  [jvm.dll+0x3c2e91]
C  [jli.dll+0x5373]
C  [ucrtbase.dll+0x21bb2]
C  [KERNEL32.DLL+0x17034]
C  [ntdll.dll+0x52651]


---------------  P R O C E S S  ---------------

Threads class SMR info:
_java_thread_list=0x000001fae8d60c50, length=0, elements={
}

Java Threads: ( => current thread )

Other Threads:
  0x000001faea701000 GCTaskThread "GC Thread#0" [stack: 0x000000a384600000,0x000000a384700000] [id=12200]
  0x000001faea746800 ConcurrentGCThread "G1 Main Marker" [stack: 0x000000a384700000,0x000000a384800000] [id=10620]
  0x000001faea748000 ConcurrentGCThread "G1 Conc#0" [stack: 0x000000a384800000,0x000000a384900000] [id=2928]

[error occurred during error reporting (printing all threads), id 0xc0000005, EXCEPTION_ACCESS_VIOLATION (0xc0000005) at pc=0x00007fff52569107]

VM state:not at safepoint (not fully initialized)

VM Mutex/Monitor currently owned by a thread:  ([mutex/lock_event])
[0x000001faea6e66f0] Heap_lock - owner thread: 0x000001faea6e9800

Heap address: 0x0000000742200000, size: 3038 MB, Compressed Oops mode: Non-zero based: 0x0000000742200000
Narrow klass base: 0x0000000000000000, Narrow klass shift: 0

GC Heap History (0 events):
No events

Deoptimization events (0 events):
No events

Classes redefined (0 events):
No events

Internal exceptions (0 events):
No events

Events (1 events):
Event: 0.006 Loaded shared library C:\Program Files\Android\Android Studio\jre\bin\zip.dll


Dynamic libraries:
0x00007ff7d4120000 - 0x00007ff7d412a000 	C:\Program Files\Android\Android Studio\jre\bin\java.exe
0x00007fffe0530000 - 0x00007fffe0725000 	C:\Windows\SYSTEM32\ntdll.dll
0x00007fffdf980000 - 0x00007fffdfa3e000 	C:\Windows\System32\KERNEL32.DLL
0x00007fffde150000 - 0x00007fffde418000 	C:\Windows\System32\KERNELBASE.dll
0x00007fffddc40000 - 0x00007fffddd40000 	C:\Windows\System32\ucrtbase.dll
0x00007fffbd070000 - 0x00007fffbd087000 	C:\Program Files\Android\Android Studio\jre\bin\VCRUNTIME140.dll
0x00007fffbd0d0000 - 0x00007fffbd0e9000 	C:\Program Files\Android\Android Studio\jre\bin\jli.dll
0x00007fffe0320000 - 0x00007fffe04c0000 	C:\Windows\System32\USER32.dll
0x00007fffde000000 - 0x00007fffde022000 	C:\Windows\System32\win32u.dll
0x00007fffd46a0000 - 0x00007fffd493a000 	C:\Windows\WinSxS\amd64_microsoft.windows.common-controls_6595b64144ccf1df_6.0.19041.1110_none_60b5254171f9507e\COMCTL32.dll
0x00007fffde650000 - 0x00007fffde67b000 	C:\Windows\System32\GDI32.dll
0x00007fffdf770000 - 0x00007fffdf80e000 	C:\Windows\System32\msvcrt.dll
0x00007fffddef0000 - 0x00007fffddffd000 	C:\Windows\System32\gdi32full.dll
0x00007fffdddd0000 - 0x00007fffdde6d000 	C:\Windows\System32\msvcp_win.dll
0x00007fffe04c0000 - 0x00007fffe04f0000 	C:\Windows\System32\IMM32.DLL
0x00007fffa79f0000 - 0x00007fffa7a8d000 	C:\Program Files\Android\Android Studio\jre\bin\msvcp140.dll
0x00007fff52280000 - 0x00007fff52d4f000 	C:\Program Files\Android\Android Studio\jre\bin\server\jvm.dll
0x00007fffde970000 - 0x00007fffdea1e000 	C:\Windows\System32\ADVAPI32.dll
0x00007fffdf810000 - 0x00007fffdf8ac000 	C:\Windows\System32\sechost.dll
0x00007fffdebd0000 - 0x00007fffdecf5000 	C:\Windows\System32\RPCRT4.dll
0x00007fffde8b0000 - 0x00007fffde8b8000 	C:\Windows\System32\PSAPI.DLL
0x00007fffc5db0000 - 0x00007fffc5db9000 	C:\Windows\SYSTEM32\WSOCK32.dll
0x00007fffce1f0000 - 0x00007fffce217000 	C:\Windows\SYSTEM32\WINMM.dll
0x00007fffdf8b0000 - 0x00007fffdf91b000 	C:\Windows\System32\WS2_32.dll
0x00007fffd6840000 - 0x00007fffd684a000 	C:\Windows\SYSTEM32\VERSION.dll
0x00007fffdc510000 - 0x00007fffdc522000 	C:\Windows\SYSTEM32\kernel.appcore.dll
0x00007fffd9470000 - 0x00007fffd9481000 	C:\Program Files\Android\Android Studio\jre\bin\verify.dll
0x00007fffdbb00000 - 0x00007fffdbce4000 	C:\Windows\SYSTEM32\DBGHELP.DLL
0x00007fffc9e30000 - 0x00007fffc9e5c000 	C:\Windows\SYSTEM32\dbgcore.DLL
0x00007fffddd40000 - 0x00007fffdddc2000 	C:\Windows\System32\bcryptPrimitives.dll
0x00007fffbcfc0000 - 0x00007fffbcfe9000 	C:\Program Files\Android\Android Studio\jre\bin\java.dll
0x00007fffd6a10000 - 0x00007fffd6a1b000 	C:\Program Files\Android\Android Studio\jre\bin\jimage.dll
0x00007fffbe0e0000 - 0x00007fffbe0f8000 	C:\Program Files\Android\Android Studio\jre\bin\zip.dll

dbghelp: loaded successfully - version: 4.0.5 - missing functions: none
symbol engine: initialized successfully - sym options: 0x614 - pdb path: .;C:\Program Files\Android\Android Studio\jre\bin;C:\Windows\SYSTEM32;C:\Windows\WinSxS\amd64_microsoft.windows.common-controls_6595b64144ccf1df_6.0.19041.1110_none_60b5254171f9507e;C:\Program Files\Android\Android Studio\jre\bin\server

VM Arguments:
java_command: org.jetbrains.kotlin.cli.jvm.K2JVMCompiler @D:\Online Classes\Codepath - Android App Development\projects\Flixster\app\build\20220302_15926154087779366954.compiler.options
java_class_path (initial): C:\Users\docbr\.gradle\caches\modules-2\files-2.1\org.jetbrains.kotlin\kotlin-compiler-embeddable\1.5.20\1900e8b9aca0a9caffd45b99b36e3720a0a284f8\kotlin-compiler-embeddable-1.5.20.jar;C:\Users\docbr\.gradle\caches\modules-2\files-2.1\org.jetbrains.kotlin\kotlin-reflect\1.5.20\63810951f09a27f7827977f1bc21094042a915e\kotlin-reflect-1.5.20.jar;C:\Users\docbr\.gradle\caches\modules-2\files-2.1\org.jetbrains.kotlin\kotlin-stdlib\1.5.20\9de35cc611bcecec8edce1d56d8e659953806751\kotlin-stdlib-1.5.20.jar;C:\Users\docbr\.gradle\caches\modules-2\files-2.1\org.jetbrains.kotlin\kotlin-script-runtime\1.5.20\4381bb58d37b84d4d1afe55ec35542dd9b77e101\kotlin-script-runtime-1.5.20.jar;C:\Users\docbr\.gradle\caches\modules-2\files-2.1\org.jetbrains.kotlin\kotlin-daemon-embeddable\1.5.20\36c38cda019834dcd2959cc33a12768adcd94256\kotlin-daemon-embeddable-1.5.20.jar;C:\Users\docbr\.gradle\caches\modules-2\files-2.1\org.jetbrains.intellij.deps\trove4j\1.0.20181211\216c2e14b070f334479d800987affe4054cd563f\trove4j-1.0.20181211.jar;C:\Users\docbr\.gradle\caches\modules-2\files-2.1\org.jetbrains\annotations\13.0\919f0dfe192fb4e063e7dacadee7f8bb9a2672a9\annotations-13.0.jar;C:\Users\docbr\.gradle\caches\modules-2\files-2.1\org.jetbrains.kotlin\kotlin-stdlib-common\1.5.20\3d79dbd48bf605f4aac1e7028981a1953e245cbb\kotlin-stdlib-common-1.5.20.jar
Launcher Type: SUN_STANDARD

[Global flags]
     intx CICompilerCount                          = 4                                         {product} {ergonomic}
     uint ConcGCThreads                            = 2                                         {product} {ergonomic}
     uint G1ConcRefinementThreads                  = 8                                         {product} {ergonomic}
   size_t G1HeapRegionSize                         = 1048576                                   {product} {ergonomic}
    uintx GCDrainStackTargetSize                   = 64                                        {product} {ergonomic}
   size_t InitialHeapSize                          = 199229440                                 {product} {ergonomic}
   size_t MarkStackSize                            = 4194304                                   {product} {ergonomic}
   size_t MaxHeapSize                              = 3185573888                                {product} {ergonomic}
   size_t MinHeapDeltaBytes                        = 1048576                                   {product} {ergonomic}
    uintx NonNMethodCodeHeapSize                   = 5836300                                {pd product} {ergonomic}
    uintx NonProfiledCodeHeapSize                  = 122910970                              {pd product} {ergonomic}
    uintx ProfiledCodeHeapSize                     = 122910970                              {pd product} {ergonomic}
    uintx ReservedCodeCacheSize                    = 251658240                              {pd product} {ergonomic}
     bool SegmentedCodeCache                       = true                                      {product} {ergonomic}
     bool UseCompressedClassPointers               = true                                 {lp64_product} {ergonomic}
     bool UseCompressedOops                        = true                                 {lp64_product} {ergonomic}
     bool UseG1GC                                  = true                                      {product} {ergonomic}
     bool UseLargePagesIndividualAllocation        = false                                  {pd product} {ergonomic}

Logging:
Log output configuration:
 #0: stdout all=warning uptime,level,tags
 #1: stderr all=off uptime,level,tags

Environment Variables:
PATH=C:\windows\system32;C:\windows;C:\windows\System32\Wbem;C:\windows\System32\WindowsPowerShell\v1.0\;C:\Program Files (x86)\NVIDIA Corporation\PhysX\Common;c:\Program Files\Intel\WiFi\bin\;c:\Program Files\Common Files\Intel\WirelessCommon\;C:\Windows\system32;C:\Windows;C:\Windows\System32\Wbem;C:\Windows\System32\WindowsPowerShell\v1.0\;C:\Windows\System32\OpenSSH\;C:\Program Files\Git\cmd;C:\Program Files\MySQL\MySQL Shell 8.0\bin\;C:\Users\docbr\AppData\Local\Microsoft\WindowsApps;C:\Users\docbr\AppData\Local\atom\bin
USERNAME=docbr
OS=Windows_NT
PROCESSOR_IDENTIFIER=Intel64 Family 6 Model 94 Stepping 3, GenuineIntel



---------------  S Y S T E M  ---------------

OS: Windows 10 , 64 bit Build 19041 (10.0.19041.1503)
OS uptime: 0 days 22:46 hours

CPU:total 8 (initial active 8) (4 cores per cpu, 2 threads per core) family 6 model 94 stepping 3 microcode 0xcc, cmov, cx8, fxsr, mmx, sse, sse2, sse3, ssse3, sse4.1, sse4.2, popcnt, avx, avx2, aes, clmul, erms, rtm, 3dnowpref, lzcnt, ht, tsc, tscinvbit, bmi1, bmi2, adx, fma

Memory: 4k page, system-wide physical 12147M (449M free)
TotalPageFile size 16243M (AvailPageFile size 130M)
current process WorkingSet (physical memory assigned to process): 10M, peak: 10M
current process commit charge ("private bytes"): 60M, peak: 250M

vm_info: OpenJDK 64-Bit Server VM (11.0.10+0-b96-7249189) for windows-amd64 JRE (11.0.10+0-b96-7249189), built on Mar 31 2021 21:44:00 by "builder" with MS VC++ 14.0 (VS2015)

END.
