#
# There is insufficient memory for the Java Runtime Environment to continue.
# Native memory allocation (mmap) failed to map 87031808 bytes for Failed to commit area from 0x000000008f200000 to 0x0000000094500000 of length 87031808.
# Possible reasons:
#   The system is out of physical RAM or swap space
#   The process is running with CompressedOops enabled, and the Java Heap may be blocking the growth of the native heap
# Possible solutions:
#   Reduce memory load on the system
#   Increase physical memory or swap space
#   Check if swap backing store is full
#   Decrease Java heap size (-Xmx/-Xms)
#   Decrease number of Java threads
#   Decrease Java thread stack sizes (-Xss)
#   Set larger code cache with -XX:ReservedCodeCacheSize=
#   JVM is running with Unscaled Compressed Oops mode in which the Java heap is
#     placed in the first 4GB address space. The Java Heap base address is the
#     maximum limit for the native heap growth. Please use -XX:HeapBaseMinAddress
#     to set the Java Heap base and to place the Java Heap above 4GB virtual address.
# This output file may be truncated or incomplete.
#
#  Out of Memory Error (./src/hotspot/os/windows/os_windows.cpp:3301), pid=13944, tid=1056
#
# JRE version: OpenJDK Runtime Environment (11.0.10) (build 11.0.10+0-b96-7249189)
# Java VM: OpenJDK 64-Bit Server VM (11.0.10+0-b96-7249189, mixed mode, tiered, compressed oops, g1 gc, windows-amd64)
# No core dump will be written. Minidumps are not enabled by default on client versions of Windows
#

---------------  S U M M A R Y ------------

Command Line: --add-opens=java.base/java.util=ALL-UNNAMED --add-opens=java.base/java.lang=ALL-UNNAMED --add-opens=java.base/java.lang.invoke=ALL-UNNAMED --add-opens=java.base/java.util=ALL-UNNAMED --add-opens=java.prefs/java.util.prefs=ALL-UNNAMED --add-opens=java.prefs/java.util.prefs=ALL-UNNAMED --add-opens=java.base/java.nio.charset=ALL-UNNAMED --add-opens=java.base/java.net=ALL-UNNAMED --add-opens=java.base/java.util.concurrent.atomic=ALL-UNNAMED -Xmx2048m -Dfile.encoding=UTF-8 -Duser.country=US -Duser.language=en -Duser.variant org.gradle.launcher.daemon.bootstrap.GradleDaemon 7.0.2

Host: Intel(R) Core(TM) i7-6700T CPU @ 2.80GHz, 8 cores, 11G,  Windows 10 , 64 bit Build 19041 (10.0.19041.1503)
Time: Wed Mar  2 23:35:59 2022 Eastern Standard Time elapsed time: 17.364139 seconds (0d 0h 0m 17s)

---------------  T H R E A D  ---------------

Current thread (0x0000016acc45f000):  VMThread "VM Thread" [stack: 0x00000045b6f00000,0x00000045b7000000] [id=1056]

Stack: [0x00000045b6f00000,0x00000045b7000000]
[error occurred during error reporting (printing stack bounds), id 0xc0000005, EXCEPTION_ACCESS_VIOLATION (0xc0000005) at pc=0x0000016ab5ac0f2d]

Native frames: (J=compiled Java code, j=interpreted, Vv=VM code, C=native code)
V  [jvm.dll+0x5ecfaa]
V  [jvm.dll+0x722bd5]
V  [jvm.dll+0x72412d]
V  [jvm.dll+0x724745]
V  [jvm.dll+0x7246fb]
V  [jvm.dll+0x5ec348]
V  [jvm.dll+0x5ecad8]
C  [ntdll.dll+0xa20cf]
C  [ntdll.dll+0x51454]
C  [ntdll.dll+0xa0bfe]
C  0x0000016ab5ac0f2d

VM_Operation (0x00000045bb7fd2f0): G1CollectForAllocation, mode: safepoint, requested by thread 0x0000016ad2be0000


---------------  P R O C E S S  ---------------

Threads class SMR info:
_java_thread_list=0x0000016ad05a4890, length=74, elements={
0x0000016ab1fcc800, 0x0000016acc463000, 0x0000016accc7a800, 0x0000016accccb800,
0x0000016accccc000, 0x0000016acccce000, 0x0000016acccd1000, 0x0000016acccd4000,
0x0000016acccdf000, 0x0000016acce50000, 0x0000016acefbe800, 0x0000016acf1a2000,
0x0000016acf93c800, 0x0000016acf14e800, 0x0000016acf5bb000, 0x0000016ace726800,
0x0000016acdcd1000, 0x0000016ace065000, 0x0000016acf85d000, 0x0000016acf85a000,
0x0000016acf85e000, 0x0000016acf858000, 0x0000016acf85c800, 0x0000016acf85b800,
0x0000016acf85f000, 0x0000016acf859000, 0x0000016acf85a800, 0x0000016acf9c7800,
0x0000016acf9c5800, 0x0000016acf9c4000, 0x0000016acf9c8000, 0x0000016acf9c6800,
0x0000016acf9c2800, 0x0000016acf9ce000, 0x0000016acf9ca000, 0x0000016acf9cc000,
0x0000016acf9ce800, 0x0000016acf9cf800, 0x0000016acf9cd000, 0x0000016acf9d0800,
0x0000016acf9ca800, 0x0000016acf9d1000, 0x0000016acf9cb800, 0x0000016ad1270000,
0x0000016ad126a800, 0x0000016ad1271000, 0x0000016ad126f000, 0x0000016ad126c800,
0x0000016ad126d800, 0x0000016ad126b000, 0x0000016ad55fa800, 0x0000016ad126c000,
0x0000016ad1272800, 0x0000016ad1273800, 0x0000016ad1274000, 0x0000016ad126e800,
0x0000016ad1275800, 0x0000016ad1275000, 0x0000016ad1276800, 0x0000016ad1277800,
0x0000016ad1279000, 0x0000016ad2be0000, 0x0000016ad2be4800, 0x0000016ad2bde800,
0x0000016ad2be2800, 0x0000016ad2be5000, 0x0000016ad2be3800, 0x0000016ad2bdf800,
0x0000016ad2be1000, 0x0000016ad5664000, 0x0000016ad5669000, 0x0000016ad5663000,
0x0000016ad5669800, 0x0000016ad5666800
}

Java Threads: ( => current thread )
  0x0000016ab1fcc800 JavaThread "main" [_thread_blocked, id=1000, stack(0x00000045b6900000,0x00000045b6a00000)]
  0x0000016acc463000 JavaThread "Reference Handler" daemon [_thread_blocked, id=14840, stack(0x00000045b7000000,0x00000045b7100000)]
  0x0000016accc7a800 JavaThread "Finalizer" daemon [_thread_blocked, id=11268, stack(0x00000045b7100000,0x00000045b7200000)]
  0x0000016accccb800 JavaThread "Signal Dispatcher" daemon [_thread_blocked, id=10208, stack(0x00000045b7200000,0x00000045b7300000)]
  0x0000016accccc000 JavaThread "Attach Listener" daemon [_thread_blocked, id=8344, stack(0x00000045b7300000,0x00000045b7400000)]
  0x0000016acccce000 JavaThread "Service Thread" daemon [_thread_blocked, id=1216, stack(0x00000045b7400000,0x00000045b7500000)]
  0x0000016acccd1000 JavaThread "C2 CompilerThread0" daemon [_thread_blocked, id=9188, stack(0x00000045b7500000,0x00000045b7600000)]
  0x0000016acccd4000 JavaThread "C1 CompilerThread0" daemon [_thread_blocked, id=9408, stack(0x00000045b7600000,0x00000045b7700000)]
  0x0000016acccdf000 JavaThread "Sweeper thread" daemon [_thread_blocked, id=16760, stack(0x00000045b7700000,0x00000045b7800000)]
  0x0000016acce50000 JavaThread "Common-Cleaner" daemon [_thread_blocked, id=14672, stack(0x00000045b7800000,0x00000045b7900000)]
  0x0000016acefbe800 JavaThread "Daemon health stats" [_thread_blocked, id=7556, stack(0x00000045b7f00000,0x00000045b8000000)]
  0x0000016acf1a2000 JavaThread "Incoming local TCP Connector on port 54158" [_thread_in_native, id=15596, stack(0x00000045b7a00000,0x00000045b7b00000)]
  0x0000016acf93c800 JavaThread "Daemon periodic checks" [_thread_blocked, id=14016, stack(0x00000045b7e00000,0x00000045b7f00000)]
  0x0000016acf14e800 JavaThread "Daemon" [_thread_blocked, id=14576, stack(0x00000045b8000000,0x00000045b8100000)]
  0x0000016acf5bb000 JavaThread "Handler for socket connection from /127.0.0.1:54158 to /127.0.0.1:54159" [_thread_in_native, id=14620, stack(0x00000045b8100000,0x00000045b8200000)]
  0x0000016ace726800 JavaThread "Cancel handler" [_thread_blocked, id=4948, stack(0x00000045b8200000,0x00000045b8300000)]
  0x0000016acdcd1000 JavaThread "Daemon worker" [_thread_blocked, id=292, stack(0x00000045b8300000,0x00000045b8400000)]
  0x0000016ace065000 JavaThread "Asynchronous log dispatcher for DefaultDaemonConnection: socket connection from /127.0.0.1:54158 to /127.0.0.1:54159" [_thread_blocked, id=5964, stack(0x00000045b8500000,0x00000045b8600000)]
  0x0000016acf85d000 JavaThread "Stdin handler" [_thread_blocked, id=9208, stack(0x00000045b8600000,0x00000045b8700000)]
  0x0000016acf85a000 JavaThread "Daemon client event forwarder" [_thread_blocked, id=11100, stack(0x00000045b8700000,0x00000045b8800000)]
  0x0000016acf85e000 JavaThread "Cache worker for file hash cache (C:\Users\docbr\.gradle\caches\7.0.2\fileHashes)" [_thread_blocked, id=4940, stack(0x00000045b8400000,0x00000045b8500000)]
  0x0000016acf858000 JavaThread "File lock request listener" [_thread_in_native, id=12748, stack(0x00000045b8800000,0x00000045b8900000)]
  0x0000016acf85c800 JavaThread "Cache worker for journal cache (C:\Users\docbr\.gradle\caches\journal-1)" [_thread_blocked, id=3648, stack(0x00000045b8e00000,0x00000045b8f00000)]
  0x0000016acf85b800 JavaThread "Cache worker for file hash cache (D:\Online Classes\Codepath - Android App Development\projects\Flixster\.gradle\7.0.2\fileHashes)" [_thread_blocked, id=8196, stack(0x00000045b9000000,0x00000045b9100000)]
  0x0000016acf85f000 JavaThread "File watcher server" daemon [_thread_blocked, id=13580, stack(0x00000045b9100000,0x00000045b9200000)]
  0x0000016acf859000 JavaThread "File watcher consumer" daemon [_thread_blocked, id=5324, stack(0x00000045b9200000,0x00000045b9300000)]
  0x0000016acf85a800 JavaThread "Cache worker for checksums cache (D:\Online Classes\Codepath - Android App Development\projects\Flixster\.gradle\checksums)" [_thread_blocked, id=13896, stack(0x00000045b9300000,0x00000045b9400000)]
  0x0000016acf9c7800 JavaThread "Cache worker for cache directory md-supplier (C:\Users\docbr\.gradle\caches\7.0.2\md-supplier)" [_thread_blocked, id=17200, stack(0x00000045b9400000,0x00000045b9500000)]
  0x0000016acf9c5800 JavaThread "Cache worker for cache directory md-rule (C:\Users\docbr\.gradle\caches\7.0.2\md-rule)" [_thread_blocked, id=9284, stack(0x00000045b9600000,0x00000045b9700000)]
  0x0000016acf9c4000 JavaThread "Cache worker for execution history cache (C:\Users\docbr\.gradle\caches\7.0.2\executionHistory)" [_thread_blocked, id=9720, stack(0x00000045b9700000,0x00000045b9800000)]
  0x0000016acf9c8000 JavaThread "jar transforms" [_thread_blocked, id=3120, stack(0x00000045b9800000,0x00000045b9900000)]
  0x0000016acf9c6800 JavaThread "jar transforms Thread 2" [_thread_blocked, id=16912, stack(0x00000045b9900000,0x00000045b9a00000)]
  0x0000016acf9c2800 JavaThread "Cache worker for file content cache (C:\Users\docbr\.gradle\caches\7.0.2\fileContent)" [_thread_blocked, id=9024, stack(0x00000045b9a00000,0x00000045b9b00000)]
  0x0000016acf9ce000 JavaThread "Cache worker for dependencies-accessors (D:\Online Classes\Codepath - Android App Development\projects\Flixster\.gradle\7.0.2\dependencies-accessors)" [_thread_blocked, id=2324, stack(0x00000045b9b00000,0x00000045b9c00000)]
  0x0000016acf9ca000 JavaThread "jar transforms Thread 3" [_thread_blocked, id=4648, stack(0x00000045b9c00000,0x00000045b9d00000)]
  0x0000016acf9cc000 JavaThread "Cache worker for Build Output Cleanup Cache (D:\Online Classes\Codepath - Android App Development\projects\Flixster\.gradle\buildOutputCleanup)" [_thread_blocked, id=12048, stack(0x00000045b9500000,0x00000045b9600000)]
  0x0000016acf9ce800 JavaThread "Build operations" [_thread_blocked, id=16020, stack(0x00000045b8f00000,0x00000045b9000000)]
  0x0000016acf9cf800 JavaThread "Build operations Thread 2" [_thread_blocked, id=8908, stack(0x00000045b9d00000,0x00000045b9e00000)]
  0x0000016acf9cd000 JavaThread "Build operations Thread 3" [_thread_blocked, id=8952, stack(0x00000045b9e00000,0x00000045b9f00000)]
  0x0000016acf9d0800 JavaThread "Build operations Thread 4" [_thread_blocked, id=12200, stack(0x00000045b9f00000,0x00000045ba000000)]
  0x0000016acf9ca800 JavaThread "Build operations Thread 5" [_thread_blocked, id=10620, stack(0x00000045ba000000,0x00000045ba100000)]
  0x0000016acf9d1000 JavaThread "Build operations Thread 6" [_thread_blocked, id=2928, stack(0x00000045ba100000,0x00000045ba200000)]
  0x0000016acf9cb800 JavaThread "Build operations Thread 7" [_thread_blocked, id=15640, stack(0x00000045ba200000,0x00000045ba300000)]
  0x0000016ad1270000 JavaThread "Build operations Thread 8" [_thread_blocked, id=4796, stack(0x00000045ba300000,0x00000045ba400000)]
  0x0000016ad126a800 JavaThread "jar transforms Thread 4" [_thread_blocked, id=10196, stack(0x00000045ba400000,0x00000045ba500000)]
  0x0000016ad1271000 JavaThread "jar transforms Thread 5" [_thread_blocked, id=15612, stack(0x00000045ba500000,0x00000045ba600000)]
  0x0000016ad126f000 JavaThread "jar transforms Thread 6" [_thread_blocked, id=3632, stack(0x00000045ba600000,0x00000045ba700000)]
  0x0000016ad126c800 JavaThread "jar transforms Thread 7" [_thread_blocked, id=8368, stack(0x00000045ba700000,0x00000045ba800000)]
  0x0000016ad126d800 JavaThread "jar transforms Thread 8" [_thread_blocked, id=12204, stack(0x00000045ba800000,0x00000045ba900000)]
  0x0000016ad126b000 JavaThread "Memory manager" [_thread_blocked, id=3216, stack(0x00000045bab00000,0x00000045bac00000)]
  0x0000016ad55fa800 JavaThread "C2 CompilerThread1" daemon [_thread_blocked, id=9008, stack(0x00000045bac00000,0x00000045bad00000)]
  0x0000016ad126c000 JavaThread "build event listener" [_thread_blocked, id=804, stack(0x00000045bad00000,0x00000045bae00000)]
  0x0000016ad1272800 JavaThread "Execution worker for ':'" [_thread_blocked, id=15276, stack(0x00000045bae00000,0x00000045baf00000)]
  0x0000016ad1273800 JavaThread "Execution worker for ':' Thread 2" [_thread_blocked, id=16224, stack(0x00000045baf00000,0x00000045bb000000)]
  0x0000016ad1274000 JavaThread "Execution worker for ':' Thread 3" [_thread_blocked, id=13396, stack(0x00000045bb000000,0x00000045bb100000)]
  0x0000016ad126e800 JavaThread "Execution worker for ':' Thread 4" [_thread_blocked, id=8380, stack(0x00000045bb100000,0x00000045bb200000)]
  0x0000016ad1275800 JavaThread "Execution worker for ':' Thread 5" [_thread_blocked, id=3492, stack(0x00000045bb200000,0x00000045bb300000)]
  0x0000016ad1275000 JavaThread "Execution worker for ':' Thread 6" [_thread_blocked, id=13660, stack(0x00000045bb300000,0x00000045bb400000)]
  0x0000016ad1276800 JavaThread "Execution worker for ':' Thread 7" [_thread_blocked, id=3504, stack(0x00000045bb400000,0x00000045bb500000)]
  0x0000016ad1277800 JavaThread "Cache worker for execution history cache (D:\Online Classes\Codepath - Android App Development\projects\Flixster\.gradle\7.0.2\executionHistory)" [_thread_blocked, id=5856, stack(0x00000045bb500000,0x00000045bb600000)]
  0x0000016ad1279000 JavaThread "WorkerExecutor Queue" [_thread_blocked, id=13820, stack(0x00000045bb600000,0x00000045bb700000)]
  0x0000016ad2be0000 JavaThread "WorkerExecutor Queue Thread 2" [_thread_blocked, id=9624, stack(0x00000045bb700000,0x00000045bb800000)]
  0x0000016ad2be4800 JavaThread "WorkerExecutor Queue Thread 3" [_thread_blocked, id=4908, stack(0x00000045bb800000,0x00000045bb900000)]
  0x0000016ad2bde800 JavaThread "pool-3-thread-1" [_thread_blocked, id=16016, stack(0x00000045bb900000,0x00000045bba00000)]
  0x0000016ad2be2800 JavaThread "stderr" [_thread_in_native, id=12536, stack(0x00000045bba00000,0x00000045bbb00000)]
  0x0000016ad2be5000 JavaThread "stdout" [_thread_in_native, id=12164, stack(0x00000045bbb00000,0x00000045bbc00000)]
  0x0000016ad2be3800 JavaThread "ForkJoinPool-1-worker-3" daemon [_thread_blocked, id=10940, stack(0x00000045bbc00000,0x00000045bbd00000)]
  0x0000016ad2bdf800 JavaThread "ForkJoinPool-1-worker-5" daemon [_thread_blocked, id=14088, stack(0x00000045bbd00000,0x00000045bbe00000)]
  0x0000016ad2be1000 JavaThread "ForkJoinPool-1-worker-7" daemon [_thread_blocked, id=9904, stack(0x00000045bbe00000,0x00000045bbf00000)]
  0x0000016ad5664000 JavaThread "ForkJoinPool-1-worker-9" daemon [_thread_blocked, id=15456, stack(0x00000045bbf00000,0x00000045bc000000)]
  0x0000016ad5669000 JavaThread "ForkJoinPool-1-worker-11" daemon [_thread_blocked, id=9864, stack(0x00000045bc000000,0x00000045bc100000)]
  0x0000016ad5663000 JavaThread "ForkJoinPool-1-worker-13" daemon [_thread_blocked, id=15480, stack(0x00000045bc100000,0x00000045bc200000)]
  0x0000016ad5669800 JavaThread "ForkJoinPool-1-worker-15" daemon [_thread_blocked, id=3384, stack(0x00000045bc200000,0x00000045bc300000)]
  0x0000016ad5666800 JavaThread "ForkJoinPool-1-worker-1" daemon [_thread_blocked, id=14400, stack(0x00000045bc300000,0x00000045bc400000)]

Other Threads:
=>0x0000016acc45f000 VMThread "VM Thread" [stack: 0x00000045b6f00000,0x00000045b7000000] [id=1056]
  0x0000016acce59000 WatcherThread [stack: 0x00000045b7900000,0x00000045b7a00000] [id=16572]
  0x0000016ab1fe6000 GCTaskThread "GC Thread#0" [stack: 0x00000045b6a00000,0x00000045b6b00000] [id=12936]
  0x0000016acda21000 GCTaskThread "GC Thread#1" [stack: 0x00000045b7b00000,0x00000045b7c00000] [id=9560]
  0x0000016acd9aa800 GCTaskThread "GC Thread#2" [stack: 0x00000045b7c00000,0x00000045b7d00000] [id=17024]
  0x0000016acda0e000 GCTaskThread "GC Thread#3" [stack: 0x00000045b7d00000,0x00000045b7e00000] [id=8200]
  0x0000016acef76000 GCTaskThread "GC Thread#4" [stack: 0x00000045b8900000,0x00000045b8a00000] [id=10644]
  0x0000016acf4ce800 GCTaskThread "GC Thread#5" [stack: 0x00000045b8a00000,0x00000045b8b00000] [id=10584]
  0x0000016acf0e5800 GCTaskThread "GC Thread#6" [stack: 0x00000045b8b00000,0x00000045b8c00000] [id=16236]
  0x0000016acf0e6800 GCTaskThread "GC Thread#7" [stack: 0x00000045b8c00000,0x00000045b8d00000] [id=15140]
  0x0000016ab2018800 ConcurrentGCThread "G1 Main Marker" [stack: 0x00000045b6b00000,0x00000045b6c00000] [id=13300]
  0x0000016ab2019800 ConcurrentGCThread "G1 Conc#0" [stack: 0x00000045b6c00000,0x00000045b6d00000] [id=9484]
  0x0000016ace404800 ConcurrentGCThread "G1 Conc#1" [stack: 0x00000045b8d00000,0x00000045b8e00000] [id=8440]
  0x0000016acc2b2800 ConcurrentGCThread "G1 Refine#0" [stack: 0x00000045b6d00000,0x00000045b6e00000] [id=3184]
  0x0000016ad1d42000 ConcurrentGCThread "G1 Refine#1" [stack: 0x00000045ba900000,0x00000045baa00000] [id=15628]
  0x0000016ad377a800 ConcurrentGCThread "G1 Refine#2" [stack: 0x00000045baa00000,0x00000045bab00000] [id=13844]
  0x0000016acf304000 ConcurrentGCThread "G1 Refine#3" [stack: 0x00000045bc400000,0x00000045bc500000] [id=15464]
  0x0000016acc2b3000 ConcurrentGCThread "G1 Young RemSet Sampling" [stack: 0x00000045b6e00000,0x00000045b6f00000] [id=7952]

Threads with active compile tasks:
C2 CompilerThread0  17389 12389       4       com.android.tools.r8.graph.Z0::a (98 bytes)
C2 CompilerThread1  17389 11695       4       com.android.tools.r8.dex.j::a (1038 bytes)

VM state:at safepoint (normal execution)

VM Mutex/Monitor currently owned by a thread:  ([mutex/lock_event])
[0x0000016ab1fcada0] Threads_lock - owner thread: 0x0000016acc45f000
[0x0000016ab1fcb730] Heap_lock - owner thread: 0x0000016ad2be0000

Heap address: 0x0000000080000000, size: 2048 MB, Compressed Oops mode: 32-bit
Narrow klass base: 0x0000000000000000, Narrow klass shift: 3
Compressed class space size: 1073741824 Address: 0x0000000100000000

Heap:
 garbage-first heap   total 332800K, used 191591K [0x0000000080000000, 0x0000000100000000)
  region size 1024K, 3 young (3072K), 3 survivors (3072K)
 Metaspace       used 103385K, capacity 106056K, committed 106752K, reserved 1140736K
  class space    used 13572K, capacity 14557K, committed 14848K, reserved 1048576K
Heap Regions: E=young(eden), S=young(survivor), O=old, HS=humongous(starts), HC=humongous(continues), CS=collection set, F=free, A=archive, TAMS=top-at-mark-start (previous, next)
|   0|0x0000000080000000, 0x0000000080100000, 0x0000000080100000|100%| O|  |TAMS 0x0000000080100000, 0x0000000080100000| Untracked 
|   1|0x0000000080100000, 0x0000000080200000, 0x0000000080200000|100%| O|  |TAMS 0x0000000080200000, 0x0000000080200000| Untracked 
|   2|0x0000000080200000, 0x0000000080300000, 0x0000000080300000|100%| O|  |TAMS 0x0000000080300000, 0x0000000080300000| Untracked 
|   3|0x0000000080300000, 0x0000000080400000, 0x0000000080400000|100%|HS|  |TAMS 0x0000000080400000, 0x0000000080400000| Complete 
|   4|0x0000000080400000, 0x0000000080500000, 0x0000000080500000|100%|HC|  |TAMS 0x0000000080500000, 0x0000000080500000| Complete 
|   5|0x0000000080500000, 0x0000000080600000, 0x0000000080600000|100%|HC|  |TAMS 0x0000000080600000, 0x0000000080600000| Complete 
|   6|0x0000000080600000, 0x0000000080700000, 0x0000000080700000|100%| O|  |TAMS 0x0000000080700000, 0x0000000080700000| Untracked 
|   7|0x0000000080700000, 0x0000000080800000, 0x0000000080800000|100%| O|  |TAMS 0x0000000080800000, 0x0000000080800000| Untracked 
|   8|0x0000000080800000, 0x0000000080900000, 0x0000000080900000|100%| O|  |TAMS 0x0000000080900000, 0x0000000080900000| Untracked 
|   9|0x0000000080900000, 0x0000000080a00000, 0x0000000080a00000|100%| O|  |TAMS 0x0000000080a00000, 0x0000000080a00000| Untracked 
|  10|0x0000000080a00000, 0x0000000080b00000, 0x0000000080b00000|100%| O|  |TAMS 0x0000000080b00000, 0x0000000080b00000| Untracked 
|  11|0x0000000080b00000, 0x0000000080c00000, 0x0000000080c00000|100%| O|  |TAMS 0x0000000080c00000, 0x0000000080c00000| Untracked 
|  12|0x0000000080c00000, 0x0000000080d00000, 0x0000000080d00000|100%| O|  |TAMS 0x0000000080d00000, 0x0000000080d00000| Untracked 
|  13|0x0000000080d00000, 0x0000000080e00000, 0x0000000080e00000|100%| O|  |TAMS 0x0000000080e00000, 0x0000000080e00000| Untracked 
|  14|0x0000000080e00000, 0x0000000080f00000, 0x0000000080f00000|100%| O|  |TAMS 0x0000000080f00000, 0x0000000080f00000| Untracked 
|  15|0x0000000080f00000, 0x0000000081000000, 0x0000000081000000|100%| O|  |TAMS 0x0000000081000000, 0x0000000081000000| Untracked 
|  16|0x0000000081000000, 0x0000000081100000, 0x0000000081100000|100%|HS|  |TAMS 0x0000000081100000, 0x0000000081100000| Complete 
|  17|0x0000000081100000, 0x0000000081200000, 0x0000000081200000|100%|HS|  |TAMS 0x0000000081200000, 0x0000000081200000| Complete 
|  18|0x0000000081200000, 0x0000000081300000, 0x0000000081300000|100%|HS|  |TAMS 0x0000000081300000, 0x0000000081300000| Complete 
|  19|0x0000000081300000, 0x0000000081400000, 0x0000000081400000|100%|HS|  |TAMS 0x0000000081400000, 0x0000000081400000| Complete 
|  20|0x0000000081400000, 0x0000000081500000, 0x0000000081500000|100%|HC|  |TAMS 0x0000000081500000, 0x0000000081500000| Complete 
|  21|0x0000000081500000, 0x0000000081600000, 0x0000000081600000|100%|HC|  |TAMS 0x0000000081600000, 0x0000000081600000| Complete 
|  22|0x0000000081600000, 0x0000000081700000, 0x0000000081700000|100%|HS|  |TAMS 0x0000000081700000, 0x0000000081700000| Complete 
|  23|0x0000000081700000, 0x0000000081800000, 0x0000000081800000|100%|HC|  |TAMS 0x0000000081800000, 0x0000000081800000| Complete 
|  24|0x0000000081800000, 0x0000000081900000, 0x0000000081900000|100%| O|  |TAMS 0x0000000081900000, 0x0000000081900000| Untracked 
|  25|0x0000000081900000, 0x0000000081a00000, 0x0000000081a00000|100%| O|  |TAMS 0x0000000081a00000, 0x0000000081a00000| Untracked 
|  26|0x0000000081a00000, 0x0000000081b00000, 0x0000000081b00000|100%| O|  |TAMS 0x0000000081b00000, 0x0000000081b00000| Untracked 
|  27|0x0000000081b00000, 0x0000000081c00000, 0x0000000081c00000|100%| O|  |TAMS 0x0000000081c00000, 0x0000000081c00000| Untracked 
|  28|0x0000000081c00000, 0x0000000081d00000, 0x0000000081d00000|100%| O|  |TAMS 0x0000000081d00000, 0x0000000081d00000| Untracked 
|  29|0x0000000081d00000, 0x0000000081e00000, 0x0000000081e00000|100%| O|  |TAMS 0x0000000081e00000, 0x0000000081e00000| Untracked 
|  30|0x0000000081e00000, 0x0000000081f00000, 0x0000000081f00000|100%| O|  |TAMS 0x0000000081f00000, 0x0000000081f00000| Untracked 
|  31|0x0000000081f00000, 0x0000000082000000, 0x0000000082000000|100%| O|  |TAMS 0x0000000082000000, 0x0000000082000000| Untracked 
|  32|0x0000000082000000, 0x0000000082100000, 0x0000000082100000|100%| O|  |TAMS 0x0000000082100000, 0x0000000082100000| Untracked 
|  33|0x0000000082100000, 0x0000000082200000, 0x0000000082200000|100%| O|  |TAMS 0x0000000082200000, 0x0000000082200000| Untracked 
|  34|0x0000000082200000, 0x0000000082300000, 0x0000000082300000|100%| O|  |TAMS 0x0000000082300000, 0x0000000082300000| Untracked 
|  35|0x0000000082300000, 0x0000000082400000, 0x0000000082400000|100%| O|  |TAMS 0x0000000082400000, 0x0000000082400000| Untracked 
|  36|0x0000000082400000, 0x0000000082500000, 0x0000000082500000|100%| O|  |TAMS 0x0000000082500000, 0x0000000082500000| Untracked 
|  37|0x0000000082500000, 0x0000000082600000, 0x0000000082600000|100%| O|  |TAMS 0x0000000082600000, 0x0000000082600000| Untracked 
|  38|0x0000000082600000, 0x0000000082700000, 0x0000000082700000|100%| O|  |TAMS 0x0000000082700000, 0x0000000082700000| Untracked 
|  39|0x0000000082700000, 0x0000000082800000, 0x0000000082800000|100%| O|  |TAMS 0x0000000082800000, 0x0000000082800000| Untracked 
|  40|0x0000000082800000, 0x0000000082900000, 0x0000000082900000|100%| O|  |TAMS 0x0000000082900000, 0x0000000082900000| Untracked 
|  41|0x0000000082900000, 0x0000000082a00000, 0x0000000082a00000|100%| O|  |TAMS 0x0000000082a00000, 0x0000000082a00000| Untracked 
|  42|0x0000000082a00000, 0x0000000082b00000, 0x0000000082b00000|100%| O|  |TAMS 0x0000000082b00000, 0x0000000082b00000| Untracked 
|  43|0x0000000082b00000, 0x0000000082c00000, 0x0000000082c00000|100%| O|  |TAMS 0x0000000082c00000, 0x0000000082c00000| Untracked 
|  44|0x0000000082c00000, 0x0000000082d00000, 0x0000000082d00000|100%| O|  |TAMS 0x0000000082d00000, 0x0000000082d00000| Untracked 
|  45|0x0000000082d00000, 0x0000000082e00000, 0x0000000082e00000|100%| O|  |TAMS 0x0000000082e00000, 0x0000000082e00000| Untracked 
|  46|0x0000000082e00000, 0x0000000082f00000, 0x0000000082f00000|100%| O|  |TAMS 0x0000000082f00000, 0x0000000082f00000| Untracked 
|  47|0x0000000082f00000, 0x0000000083000000, 0x0000000083000000|100%| O|  |TAMS 0x0000000083000000, 0x0000000083000000| Untracked 
|  48|0x0000000083000000, 0x0000000083100000, 0x0000000083100000|100%| O|  |TAMS 0x0000000083100000, 0x0000000083100000| Untracked 
|  49|0x0000000083100000, 0x0000000083200000, 0x0000000083200000|100%| O|  |TAMS 0x0000000083200000, 0x0000000083200000| Untracked 
|  50|0x0000000083200000, 0x0000000083300000, 0x0000000083300000|100%| O|  |TAMS 0x0000000083300000, 0x0000000083300000| Untracked 
|  51|0x0000000083300000, 0x0000000083400000, 0x0000000083400000|100%| O|  |TAMS 0x0000000083400000, 0x0000000083400000| Untracked 
|  52|0x0000000083400000, 0x0000000083500000, 0x0000000083500000|100%| O|  |TAMS 0x0000000083500000, 0x0000000083500000| Untracked 
|  53|0x0000000083500000, 0x0000000083600000, 0x0000000083600000|100%| O|  |TAMS 0x0000000083600000, 0x0000000083600000| Untracked 
|  54|0x0000000083600000, 0x0000000083700000, 0x0000000083700000|100%|HS|  |TAMS 0x0000000083700000, 0x0000000083700000| Complete 
|  55|0x0000000083700000, 0x0000000083800000, 0x0000000083800000|100%|HC|  |TAMS 0x0000000083800000, 0x0000000083800000| Complete 
|  56|0x0000000083800000, 0x0000000083900000, 0x0000000083900000|100%| O|  |TAMS 0x0000000083900000, 0x0000000083900000| Untracked 
|  57|0x0000000083900000, 0x0000000083a00000, 0x0000000083a00000|100%| O|  |TAMS 0x0000000083a00000, 0x0000000083a00000| Untracked 
|  58|0x0000000083a00000, 0x0000000083b00000, 0x0000000083b00000|100%| O|  |TAMS 0x0000000083b00000, 0x0000000083b00000| Untracked 
|  59|0x0000000083b00000, 0x0000000083c00000, 0x0000000083c00000|100%| O|  |TAMS 0x0000000083c00000, 0x0000000083c00000| Untracked 
|  60|0x0000000083c00000, 0x0000000083d00000, 0x0000000083d00000|100%| O|  |TAMS 0x0000000083d00000, 0x0000000083d00000| Untracked 
|  61|0x0000000083d00000, 0x0000000083e00000, 0x0000000083e00000|100%| O|  |TAMS 0x0000000083e00000, 0x0000000083e00000| Untracked 
|  62|0x0000000083e00000, 0x0000000083f00000, 0x0000000083f00000|100%| O|  |TAMS 0x0000000083f00000, 0x0000000083f00000| Untracked 
|  63|0x0000000083f00000, 0x0000000084000000, 0x0000000084000000|100%|HS|  |TAMS 0x0000000084000000, 0x0000000084000000| Complete 
|  64|0x0000000084000000, 0x0000000084100000, 0x0000000084100000|100%|HS|  |TAMS 0x0000000084100000, 0x0000000084100000| Complete 
|  65|0x0000000084100000, 0x0000000084200000, 0x0000000084200000|100%|HS|  |TAMS 0x0000000084200000, 0x0000000084200000| Complete 
|  66|0x0000000084200000, 0x0000000084300000, 0x0000000084300000|100%|HS|  |TAMS 0x0000000084300000, 0x0000000084300000| Complete 
|  67|0x0000000084300000, 0x0000000084400000, 0x0000000084400000|100%|HS|  |TAMS 0x0000000084400000, 0x0000000084400000| Complete 
|  68|0x0000000084400000, 0x0000000084500000, 0x0000000084500000|100%|HC|  |TAMS 0x0000000084500000, 0x0000000084500000| Complete 
|  69|0x0000000084500000, 0x0000000084600000, 0x0000000084600000|100%|HC|  |TAMS 0x0000000084600000, 0x0000000084600000| Complete 
|  70|0x0000000084600000, 0x0000000084700000, 0x0000000084700000|100%|HS|  |TAMS 0x0000000084700000, 0x0000000084700000| Complete 
|  71|0x0000000084700000, 0x0000000084800000, 0x0000000084800000|100%|HS|  |TAMS 0x0000000084800000, 0x0000000084800000| Complete 
|  72|0x0000000084800000, 0x0000000084900000, 0x0000000084900000|100%|HS|  |TAMS 0x0000000084900000, 0x0000000084900000| Complete 
|  73|0x0000000084900000, 0x0000000084a00000, 0x0000000084a00000|100%|HS|  |TAMS 0x0000000084a00000, 0x0000000084a00000| Complete 
|  74|0x0000000084a00000, 0x0000000084b00000, 0x0000000084b00000|100%|HC|  |TAMS 0x0000000084b00000, 0x0000000084b00000| Complete 
|  75|0x0000000084b00000, 0x0000000084c00000, 0x0000000084c00000|100%|HS|  |TAMS 0x0000000084c00000, 0x0000000084c00000| Complete 
|  76|0x0000000084c00000, 0x0000000084d00000, 0x0000000084d00000|100%|HS|  |TAMS 0x0000000084d00000, 0x0000000084d00000| Complete 
|  77|0x0000000084d00000, 0x0000000084e00000, 0x0000000084e00000|100%| O|  |TAMS 0x0000000084e00000, 0x0000000084e00000| Untracked 
|  78|0x0000000084e00000, 0x0000000084f00000, 0x0000000084f00000|100%| O|  |TAMS 0x0000000084f00000, 0x0000000084f00000| Untracked 
|  79|0x0000000084f00000, 0x0000000085000000, 0x0000000085000000|100%| O|  |TAMS 0x0000000085000000, 0x0000000085000000| Untracked 
|  80|0x0000000085000000, 0x0000000085100000, 0x0000000085100000|100%| O|  |TAMS 0x0000000085100000, 0x0000000085100000| Untracked 
|  81|0x0000000085100000, 0x0000000085200000, 0x0000000085200000|100%| O|  |TAMS 0x0000000085200000, 0x0000000085200000| Untracked 
|  82|0x0000000085200000, 0x0000000085300000, 0x0000000085300000|100%| O|  |TAMS 0x0000000085300000, 0x0000000085300000| Untracked 
|  83|0x0000000085300000, 0x0000000085400000, 0x0000000085400000|100%| O|  |TAMS 0x0000000085400000, 0x0000000085400000| Untracked 
|  84|0x0000000085400000, 0x0000000085500000, 0x0000000085500000|100%| O|  |TAMS 0x0000000085500000, 0x0000000085500000| Untracked 
|  85|0x0000000085500000, 0x0000000085600000, 0x0000000085600000|100%| O|  |TAMS 0x0000000085600000, 0x0000000085600000| Untracked 
|  86|0x0000000085600000, 0x0000000085700000, 0x0000000085700000|100%| O|  |TAMS 0x0000000085700000, 0x0000000085700000| Untracked 
|  87|0x0000000085700000, 0x0000000085800000, 0x0000000085800000|100%| O|  |TAMS 0x0000000085800000, 0x0000000085800000| Untracked 
|  88|0x0000000085800000, 0x0000000085900000, 0x0000000085900000|100%| O|  |TAMS 0x0000000085900000, 0x0000000085900000| Untracked 
|  89|0x0000000085900000, 0x0000000085a00000, 0x0000000085a00000|100%| O|  |TAMS 0x0000000085a00000, 0x0000000085a00000| Untracked 
|  90|0x0000000085a00000, 0x0000000085b00000, 0x0000000085b00000|100%|HS|  |TAMS 0x0000000085b00000, 0x0000000085b00000| Complete 
|  91|0x0000000085b00000, 0x0000000085c00000, 0x0000000085c00000|100%| O|  |TAMS 0x0000000085c00000, 0x0000000085c00000| Untracked 
|  92|0x0000000085c00000, 0x0000000085d00000, 0x0000000085d00000|100%|HS|  |TAMS 0x0000000085d00000, 0x0000000085d00000| Complete 
|  93|0x0000000085d00000, 0x0000000085e00000, 0x0000000085e00000|100%| O|  |TAMS 0x0000000085e00000, 0x0000000085e00000| Untracked 
|  94|0x0000000085e00000, 0x0000000085f00000, 0x0000000085f00000|100%| O|  |TAMS 0x0000000085f00000, 0x0000000085f00000| Untracked 
|  95|0x0000000085f00000, 0x0000000086000000, 0x0000000086000000|100%| O|  |TAMS 0x0000000086000000, 0x0000000086000000| Untracked 
|  96|0x0000000086000000, 0x0000000086100000, 0x0000000086100000|100%|HS|  |TAMS 0x0000000086100000, 0x0000000086100000| Complete 
|  97|0x0000000086100000, 0x0000000086200000, 0x0000000086200000|100%|HC|  |TAMS 0x0000000086200000, 0x0000000086200000| Complete 
|  98|0x0000000086200000, 0x0000000086300000, 0x0000000086300000|100%|HC|  |TAMS 0x0000000086300000, 0x0000000086300000| Complete 
|  99|0x0000000086300000, 0x0000000086400000, 0x0000000086400000|100%| O|  |TAMS 0x0000000086400000, 0x0000000086400000| Untracked 
| 100|0x0000000086400000, 0x0000000086500000, 0x0000000086500000|100%|HS|  |TAMS 0x0000000086500000, 0x0000000086500000| Complete 
| 101|0x0000000086500000, 0x0000000086600000, 0x0000000086600000|100%| O|  |TAMS 0x0000000086600000, 0x0000000086600000| Untracked 
| 102|0x0000000086600000, 0x0000000086700000, 0x0000000086700000|100%| O|  |TAMS 0x0000000086700000, 0x0000000086700000| Untracked 
| 103|0x0000000086700000, 0x0000000086800000, 0x0000000086800000|100%| O|  |TAMS 0x0000000086800000, 0x0000000086800000| Untracked 
| 104|0x0000000086800000, 0x0000000086900000, 0x0000000086900000|100%| O|  |TAMS 0x0000000086900000, 0x0000000086900000| Untracked 
| 105|0x0000000086900000, 0x0000000086a00000, 0x0000000086a00000|100%| O|  |TAMS 0x0000000086a00000, 0x0000000086a00000| Untracked 
| 106|0x0000000086a00000, 0x0000000086b00000, 0x0000000086b00000|100%| O|  |TAMS 0x0000000086b00000, 0x0000000086b00000| Untracked 
| 107|0x0000000086b00000, 0x0000000086c00000, 0x0000000086c00000|100%| O|  |TAMS 0x0000000086c00000, 0x0000000086c00000| Untracked 
| 108|0x0000000086c00000, 0x0000000086d00000, 0x0000000086d00000|100%| O|  |TAMS 0x0000000086d00000, 0x0000000086d00000| Untracked 
| 109|0x0000000086d00000, 0x0000000086e00000, 0x0000000086e00000|100%| O|  |TAMS 0x0000000086e00000, 0x0000000086e00000| Untracked 
| 110|0x0000000086e00000, 0x0000000086f00000, 0x0000000086f00000|100%| O|  |TAMS 0x0000000086f00000, 0x0000000086f00000| Untracked 
| 111|0x0000000086f00000, 0x0000000087000000, 0x0000000087000000|100%| O|  |TAMS 0x0000000087000000, 0x0000000087000000| Untracked 
| 112|0x0000000087000000, 0x0000000087100000, 0x0000000087100000|100%| O|  |TAMS 0x0000000087100000, 0x0000000087100000| Untracked 
| 113|0x0000000087100000, 0x0000000087200000, 0x0000000087200000|100%| O|  |TAMS 0x0000000087200000, 0x0000000087200000| Untracked 
| 114|0x0000000087200000, 0x0000000087300000, 0x0000000087300000|100%| O|  |TAMS 0x0000000087300000, 0x0000000087300000| Untracked 
| 115|0x0000000087300000, 0x0000000087400000, 0x0000000087400000|100%| O|  |TAMS 0x0000000087400000, 0x0000000087400000| Untracked 
| 116|0x0000000087400000, 0x0000000087500000, 0x0000000087500000|100%| O|  |TAMS 0x0000000087500000, 0x0000000087500000| Untracked 
| 117|0x0000000087500000, 0x0000000087600000, 0x0000000087600000|100%| O|  |TAMS 0x0000000087600000, 0x0000000087600000| Untracked 
| 118|0x0000000087600000, 0x0000000087700000, 0x0000000087700000|100%| O|  |TAMS 0x0000000087700000, 0x0000000087700000| Untracked 
| 119|0x0000000087700000, 0x0000000087800000, 0x0000000087800000|100%| O|  |TAMS 0x0000000087800000, 0x0000000087800000| Untracked 
| 120|0x0000000087800000, 0x0000000087900000, 0x0000000087900000|100%| O|  |TAMS 0x0000000087900000, 0x0000000087900000| Untracked 
| 121|0x0000000087900000, 0x0000000087a00000, 0x0000000087a00000|100%| O|  |TAMS 0x0000000087a00000, 0x0000000087a00000| Untracked 
| 122|0x0000000087a00000, 0x0000000087b00000, 0x0000000087b00000|100%| O|  |TAMS 0x0000000087b00000, 0x0000000087b00000| Untracked 
| 123|0x0000000087b00000, 0x0000000087c00000, 0x0000000087c00000|100%| O|  |TAMS 0x0000000087c00000, 0x0000000087c00000| Untracked 
| 124|0x0000000087c00000, 0x0000000087d00000, 0x0000000087d00000|100%| O|  |TAMS 0x0000000087d00000, 0x0000000087d00000| Untracked 
| 125|0x0000000087d00000, 0x0000000087e00000, 0x0000000087e00000|100%| O|  |TAMS 0x0000000087e00000, 0x0000000087e00000| Untracked 
| 126|0x0000000087e00000, 0x0000000087f00000, 0x0000000087f00000|100%| O|  |TAMS 0x0000000087f00000, 0x0000000087f00000| Untracked 
| 127|0x0000000087f00000, 0x0000000088000000, 0x0000000088000000|100%| O|  |TAMS 0x0000000088000000, 0x0000000088000000| Untracked 
| 128|0x0000000088000000, 0x0000000088100000, 0x0000000088100000|100%| O|  |TAMS 0x0000000088100000, 0x0000000088100000| Untracked 
| 129|0x0000000088100000, 0x0000000088200000, 0x0000000088200000|100%| O|  |TAMS 0x0000000088200000, 0x0000000088200000| Untracked 
| 130|0x0000000088200000, 0x0000000088300000, 0x0000000088300000|100%| O|  |TAMS 0x0000000088300000, 0x0000000088300000| Untracked 
| 131|0x0000000088300000, 0x0000000088400000, 0x0000000088400000|100%| O|  |TAMS 0x0000000088400000, 0x0000000088400000| Untracked 
| 132|0x0000000088400000, 0x0000000088500000, 0x0000000088500000|100%| O|  |TAMS 0x0000000088500000, 0x0000000088500000| Untracked 
| 133|0x0000000088500000, 0x0000000088600000, 0x0000000088600000|100%| O|  |TAMS 0x0000000088600000, 0x0000000088600000| Untracked 
| 134|0x0000000088600000, 0x0000000088700000, 0x0000000088700000|100%| O|  |TAMS 0x0000000088700000, 0x0000000088700000| Untracked 
| 135|0x0000000088700000, 0x0000000088800000, 0x0000000088800000|100%| O|  |TAMS 0x0000000088800000, 0x0000000088800000| Untracked 
| 136|0x0000000088800000, 0x0000000088900000, 0x0000000088900000|100%| O|  |TAMS 0x0000000088900000, 0x0000000088900000| Untracked 
| 137|0x0000000088900000, 0x0000000088a00000, 0x0000000088a00000|100%| O|  |TAMS 0x0000000088a00000, 0x0000000088a00000| Untracked 
| 138|0x0000000088a00000, 0x0000000088b00000, 0x0000000088b00000|100%| O|  |TAMS 0x0000000088b00000, 0x0000000088b00000| Untracked 
| 139|0x0000000088b00000, 0x0000000088c00000, 0x0000000088c00000|100%| O|  |TAMS 0x0000000088c00000, 0x0000000088c00000| Untracked 
| 140|0x0000000088c00000, 0x0000000088d00000, 0x0000000088d00000|100%| O|  |TAMS 0x0000000088d00000, 0x0000000088d00000| Untracked 
| 141|0x0000000088d00000, 0x0000000088e00000, 0x0000000088e00000|100%| O|  |TAMS 0x0000000088d4fa00, 0x0000000088e00000| Untracked 
| 142|0x0000000088e00000, 0x0000000088f00000, 0x0000000088f00000|100%| O|  |TAMS 0x0000000088e00000, 0x0000000088f00000| Untracked 
| 143|0x0000000088f00000, 0x0000000089000000, 0x0000000089000000|100%| O|  |TAMS 0x0000000088f00000, 0x0000000089000000| Untracked 
| 144|0x0000000089000000, 0x0000000089100000, 0x0000000089100000|100%| O|  |TAMS 0x0000000089000000, 0x0000000089100000| Untracked 
| 145|0x0000000089100000, 0x0000000089200000, 0x0000000089200000|100%| O|  |TAMS 0x0000000089100000, 0x0000000089200000| Untracked 
| 146|0x0000000089200000, 0x0000000089300000, 0x0000000089300000|100%| O|  |TAMS 0x0000000089200000, 0x0000000089300000| Untracked 
| 147|0x0000000089300000, 0x0000000089400000, 0x0000000089400000|100%| O|  |TAMS 0x0000000089300000, 0x0000000089400000| Untracked 
| 148|0x0000000089400000, 0x0000000089500000, 0x0000000089500000|100%| O|  |TAMS 0x0000000089400000, 0x0000000089500000| Untracked 
| 149|0x0000000089500000, 0x0000000089600000, 0x0000000089600000|100%| O|  |TAMS 0x0000000089500000, 0x0000000089600000| Untracked 
| 150|0x0000000089600000, 0x0000000089700000, 0x0000000089700000|100%| O|  |TAMS 0x0000000089600000, 0x0000000089700000| Untracked 
| 151|0x0000000089700000, 0x0000000089800000, 0x0000000089800000|100%| O|  |TAMS 0x0000000089700000, 0x0000000089800000| Untracked 
| 152|0x0000000089800000, 0x0000000089900000, 0x0000000089900000|100%| O|  |TAMS 0x0000000089800000, 0x0000000089900000| Untracked 
| 153|0x0000000089900000, 0x0000000089a00000, 0x0000000089a00000|100%| O|  |TAMS 0x0000000089900000, 0x0000000089a00000| Untracked 
| 154|0x0000000089a00000, 0x0000000089b00000, 0x0000000089b00000|100%| O|  |TAMS 0x0000000089a00000, 0x0000000089b00000| Untracked 
| 155|0x0000000089b00000, 0x0000000089c00000, 0x0000000089c00000|100%| O|  |TAMS 0x0000000089b00000, 0x0000000089c00000| Untracked 
| 156|0x0000000089c00000, 0x0000000089d00000, 0x0000000089d00000|100%| O|  |TAMS 0x0000000089c00000, 0x0000000089d00000| Untracked 
| 157|0x0000000089d00000, 0x0000000089e00000, 0x0000000089e00000|100%| O|  |TAMS 0x0000000089d00000, 0x0000000089e00000| Untracked 
| 158|0x0000000089e00000, 0x0000000089f00000, 0x0000000089f00000|100%| O|  |TAMS 0x0000000089e00000, 0x0000000089f00000| Untracked 
| 159|0x0000000089f00000, 0x000000008a000000, 0x000000008a000000|100%| O|  |TAMS 0x0000000089f00000, 0x000000008a000000| Untracked 
| 160|0x000000008a000000, 0x000000008a100000, 0x000000008a100000|100%| O|  |TAMS 0x000000008a000000, 0x000000008a100000| Untracked 
| 161|0x000000008a100000, 0x000000008a200000, 0x000000008a200000|100%| O|  |TAMS 0x000000008a100000, 0x000000008a200000| Untracked 
| 162|0x000000008a200000, 0x000000008a300000, 0x000000008a300000|100%| O|  |TAMS 0x000000008a200000, 0x000000008a300000| Untracked 
| 163|0x000000008a300000, 0x000000008a400000, 0x000000008a400000|100%| O|  |TAMS 0x000000008a300000, 0x000000008a400000| Untracked 
| 164|0x000000008a400000, 0x000000008a500000, 0x000000008a500000|100%| O|  |TAMS 0x000000008a400000, 0x000000008a500000| Untracked 
| 165|0x000000008a500000, 0x000000008a600000, 0x000000008a600000|100%| O|  |TAMS 0x000000008a500000, 0x000000008a600000| Untracked 
| 166|0x000000008a600000, 0x000000008a700000, 0x000000008a700000|100%| O|  |TAMS 0x000000008a600000, 0x000000008a700000| Untracked 
| 167|0x000000008a700000, 0x000000008a800000, 0x000000008a800000|100%| O|  |TAMS 0x000000008a700000, 0x000000008a800000| Untracked 
| 168|0x000000008a800000, 0x000000008a900000, 0x000000008a900000|100%| O|  |TAMS 0x000000008a800000, 0x000000008a900000| Untracked 
| 169|0x000000008a900000, 0x000000008aa00000, 0x000000008aa00000|100%| O|  |TAMS 0x000000008a900000, 0x000000008aa00000| Untracked 
| 170|0x000000008aa00000, 0x000000008ab00000, 0x000000008ab00000|100%| O|  |TAMS 0x000000008aa00000, 0x000000008ab00000| Untracked 
| 171|0x000000008ab00000, 0x000000008ac00000, 0x000000008ac00000|100%| O|  |TAMS 0x000000008ab00000, 0x000000008ac00000| Untracked 
| 172|0x000000008ac00000, 0x000000008ad00000, 0x000000008ad00000|100%| O|  |TAMS 0x000000008ac00000, 0x000000008ad00000| Untracked 
| 173|0x000000008ad00000, 0x000000008ae00000, 0x000000008ae00000|100%| O|  |TAMS 0x000000008ad00000, 0x000000008ae00000| Untracked 
| 174|0x000000008ae00000, 0x000000008af00000, 0x000000008af00000|100%| O|  |TAMS 0x000000008ae00000, 0x000000008af00000| Untracked 
| 175|0x000000008af00000, 0x000000008b000000, 0x000000008b000000|100%| O|  |TAMS 0x000000008af00000, 0x000000008b000000| Untracked 
| 176|0x000000008b000000, 0x000000008b100000, 0x000000008b100000|100%| O|  |TAMS 0x000000008b000000, 0x000000008b100000| Untracked 
| 177|0x000000008b100000, 0x000000008b200000, 0x000000008b200000|100%| O|  |TAMS 0x000000008b100000, 0x000000008b200000| Untracked 
| 178|0x000000008b200000, 0x000000008b300000, 0x000000008b300000|100%| O|  |TAMS 0x000000008b200000, 0x000000008b300000| Untracked 
| 179|0x000000008b300000, 0x000000008b400000, 0x000000008b400000|100%| O|  |TAMS 0x000000008b300000, 0x000000008b400000| Untracked 
| 180|0x000000008b400000, 0x000000008b500000, 0x000000008b500000|100%| O|  |TAMS 0x000000008b400000, 0x000000008b500000| Untracked 
| 181|0x000000008b500000, 0x000000008b600000, 0x000000008b600000|100%| O|  |TAMS 0x000000008b500000, 0x000000008b600000| Untracked 
| 182|0x000000008b600000, 0x000000008b700000, 0x000000008b700000|100%| O|  |TAMS 0x000000008b600000, 0x000000008b600000| Untracked 
| 183|0x000000008b700000, 0x000000008b800000, 0x000000008b800000|100%| O|  |TAMS 0x000000008b700000, 0x000000008b700000| Untracked 
| 184|0x000000008b800000, 0x000000008b8e1c00, 0x000000008b900000| 88%| O|  |TAMS 0x000000008b800000, 0x000000008b800000| Untracked 
| 185|0x000000008b900000, 0x000000008b900000, 0x000000008ba00000|  0%| F|  |TAMS 0x000000008b900000, 0x000000008b900000| Untracked 
| 186|0x000000008ba00000, 0x000000008ba00000, 0x000000008bb00000|  0%| F|  |TAMS 0x000000008ba00000, 0x000000008ba00000| Untracked 
| 187|0x000000008bb00000, 0x000000008bb00000, 0x000000008bc00000|  0%| F|  |TAMS 0x000000008bb00000, 0x000000008bb00000| Untracked 
| 188|0x000000008bc00000, 0x000000008bc00000, 0x000000008bd00000|  0%| F|  |TAMS 0x000000008bc00000, 0x000000008bc00000| Untracked 
| 189|0x000000008bd00000, 0x000000008bd00000, 0x000000008be00000|  0%| F|  |TAMS 0x000000008bd00000, 0x000000008bd00000| Untracked 
| 190|0x000000008be00000, 0x000000008be00000, 0x000000008bf00000|  0%| F|  |TAMS 0x000000008be00000, 0x000000008be00000| Untracked 
| 191|0x000000008bf00000, 0x000000008bf00000, 0x000000008c000000|  0%| F|  |TAMS 0x000000008bf00000, 0x000000008bf00000| Untracked 
| 192|0x000000008c000000, 0x000000008c000000, 0x000000008c100000|  0%| F|  |TAMS 0x000000008c000000, 0x000000008c000000| Untracked 
| 193|0x000000008c100000, 0x000000008c100000, 0x000000008c200000|  0%| F|  |TAMS 0x000000008c100000, 0x000000008c100000| Untracked 
| 194|0x000000008c200000, 0x000000008c200000, 0x000000008c300000|  0%| F|  |TAMS 0x000000008c200000, 0x000000008c200000| Untracked 
| 195|0x000000008c300000, 0x000000008c300000, 0x000000008c400000|  0%| F|  |TAMS 0x000000008c300000, 0x000000008c300000| Untracked 
| 196|0x000000008c400000, 0x000000008c400000, 0x000000008c500000|  0%| F|  |TAMS 0x000000008c400000, 0x000000008c400000| Untracked 
| 197|0x000000008c500000, 0x000000008c500000, 0x000000008c600000|  0%| F|  |TAMS 0x000000008c500000, 0x000000008c500000| Untracked 
| 198|0x000000008c600000, 0x000000008c600000, 0x000000008c700000|  0%| F|  |TAMS 0x000000008c600000, 0x000000008c600000| Untracked 
| 199|0x000000008c700000, 0x000000008c700000, 0x000000008c800000|  0%| F|  |TAMS 0x000000008c700000, 0x000000008c700000| Untracked 
| 200|0x000000008c800000, 0x000000008c800000, 0x000000008c900000|  0%| F|  |TAMS 0x000000008c800000, 0x000000008c800000| Untracked 
| 201|0x000000008c900000, 0x000000008c900000, 0x000000008ca00000|  0%| F|  |TAMS 0x000000008c900000, 0x000000008c900000| Untracked 
| 202|0x000000008ca00000, 0x000000008ca00000, 0x000000008cb00000|  0%| F|  |TAMS 0x000000008ca00000, 0x000000008ca00000| Untracked 
| 203|0x000000008cb00000, 0x000000008cb00000, 0x000000008cc00000|  0%| F|  |TAMS 0x000000008cb00000, 0x000000008cb00000| Untracked 
| 204|0x000000008cc00000, 0x000000008cc00000, 0x000000008cd00000|  0%| F|  |TAMS 0x000000008cc00000, 0x000000008cc00000| Untracked 
| 205|0x000000008cd00000, 0x000000008cd00000, 0x000000008ce00000|  0%| F|  |TAMS 0x000000008cd00000, 0x000000008cd00000| Untracked 
| 206|0x000000008ce00000, 0x000000008ce00000, 0x000000008cf00000|  0%| F|  |TAMS 0x000000008ce00000, 0x000000008ce00000| Untracked 
| 207|0x000000008cf00000, 0x000000008cf00000, 0x000000008d000000|  0%| F|  |TAMS 0x000000008cf00000, 0x000000008cf00000| Untracked 
| 208|0x000000008d000000, 0x000000008d000000, 0x000000008d100000|  0%| F|  |TAMS 0x000000008d000000, 0x000000008d000000| Untracked 
| 209|0x000000008d100000, 0x000000008d100000, 0x000000008d200000|  0%| F|  |TAMS 0x000000008d100000, 0x000000008d100000| Untracked 
| 210|0x000000008d200000, 0x000000008d200000, 0x000000008d300000|  0%| F|  |TAMS 0x000000008d200000, 0x000000008d200000| Untracked 
| 211|0x000000008d300000, 0x000000008d300000, 0x000000008d400000|  0%| F|  |TAMS 0x000000008d300000, 0x000000008d300000| Untracked 
| 212|0x000000008d400000, 0x000000008d400000, 0x000000008d500000|  0%| F|  |TAMS 0x000000008d400000, 0x000000008d400000| Untracked 
| 213|0x000000008d500000, 0x000000008d500000, 0x000000008d600000|  0%| F|  |TAMS 0x000000008d500000, 0x000000008d500000| Untracked 
| 214|0x000000008d600000, 0x000000008d600000, 0x000000008d700000|  0%| F|  |TAMS 0x000000008d600000, 0x000000008d600000| Untracked 
| 215|0x000000008d700000, 0x000000008d700000, 0x000000008d800000|  0%| F|  |TAMS 0x000000008d700000, 0x000000008d700000| Untracked 
| 216|0x000000008d800000, 0x000000008d800000, 0x000000008d900000|  0%| F|  |TAMS 0x000000008d800000, 0x000000008d800000| Untracked 
| 217|0x000000008d900000, 0x000000008d900000, 0x000000008da00000|  0%| F|  |TAMS 0x000000008d900000, 0x000000008d900000| Untracked 
| 218|0x000000008da00000, 0x000000008da00000, 0x000000008db00000|  0%| F|  |TAMS 0x000000008da00000, 0x000000008da00000| Untracked 
| 219|0x000000008db00000, 0x000000008db00000, 0x000000008dc00000|  0%| F|  |TAMS 0x000000008db00000, 0x000000008db00000| Untracked 
| 220|0x000000008dc00000, 0x000000008dc38280, 0x000000008dd00000| 21%| S|CS|TAMS 0x000000008dc00000, 0x000000008dc00000| Complete 
| 221|0x000000008dd00000, 0x000000008de00000, 0x000000008de00000|100%| S|CS|TAMS 0x000000008dd00000, 0x000000008dd00000| Complete 
| 222|0x000000008de00000, 0x000000008df00000, 0x000000008df00000|100%| S|CS|TAMS 0x000000008de00000, 0x000000008de00000| Complete 
| 223|0x000000008df00000, 0x000000008df00000, 0x000000008e000000|  0%| F|  |TAMS 0x000000008df00000, 0x000000008df00000| Untracked 
| 224|0x000000008e000000, 0x000000008e000000, 0x000000008e100000|  0%| F|  |TAMS 0x000000008e000000, 0x000000008e000000| Untracked 
| 225|0x000000008e100000, 0x000000008e100000, 0x000000008e200000|  0%| F|  |TAMS 0x000000008e100000, 0x000000008e100000| Untracked 
| 226|0x000000008e200000, 0x000000008e200000, 0x000000008e300000|  0%| F|  |TAMS 0x000000008e200000, 0x000000008e200000| Untracked 
| 227|0x000000008e300000, 0x000000008e300000, 0x000000008e400000|  0%| F|  |TAMS 0x000000008e300000, 0x000000008e300000| Untracked 
| 228|0x000000008e400000, 0x000000008e400000, 0x000000008e500000|  0%| F|  |TAMS 0x000000008e400000, 0x000000008e400000| Untracked 
| 229|0x000000008e500000, 0x000000008e500000, 0x000000008e600000|  0%| F|  |TAMS 0x000000008e500000, 0x000000008e500000| Untracked 
| 230|0x000000008e600000, 0x000000008e600000, 0x000000008e700000|  0%| F|  |TAMS 0x000000008e600000, 0x000000008e600000| Untracked 
| 231|0x000000008e700000, 0x000000008e700000, 0x000000008e800000|  0%| F|  |TAMS 0x000000008e700000, 0x000000008e700000| Untracked 
| 232|0x000000008e800000, 0x000000008e800000, 0x000000008e900000|  0%| F|  |TAMS 0x000000008e800000, 0x000000008e800000| Untracked 
| 233|0x000000008e900000, 0x000000008e900000, 0x000000008ea00000|  0%| F|  |TAMS 0x000000008e900000, 0x000000008e900000| Untracked 
| 234|0x000000008ea00000, 0x000000008ea00000, 0x000000008eb00000|  0%| F|  |TAMS 0x000000008ea00000, 0x000000008ea00000| Untracked 
| 235|0x000000008eb00000, 0x000000008eb00000, 0x000000008ec00000|  0%| F|  |TAMS 0x000000008eb00000, 0x000000008eb00000| Untracked 
| 236|0x000000008ec00000, 0x000000008ec00000, 0x000000008ed00000|  0%| F|  |TAMS 0x000000008ec00000, 0x000000008ec00000| Untracked 
| 237|0x000000008ed00000, 0x000000008ed00000, 0x000000008ee00000|  0%| F|  |TAMS 0x000000008ed00000, 0x000000008ed00000| Untracked 
| 238|0x000000008ee00000, 0x000000008ee00000, 0x000000008ef00000|  0%| F|  |TAMS 0x000000008ee00000, 0x000000008ee00000| Untracked 
| 239|0x000000008ef00000, 0x000000008ef00000, 0x000000008f000000|  0%| F|  |TAMS 0x000000008ef00000, 0x000000008ef00000| Untracked 
| 240|0x000000008f000000, 0x000000008f000000, 0x000000008f100000|  0%| F|  |TAMS 0x000000008f000000, 0x000000008f000000| Untracked 
| 241|0x000000008f100000, 0x000000008f100000, 0x000000008f200000|  0%| F|  |TAMS 0x000000008f100000, 0x000000008f100000| Untracked 

Card table byte_map: [0x0000016ac51f0000,0x0000016ac55f0000] _byte_map_base: 0x0000016ac4df0000

Marking Bits (Prev, Next): (CMBitMap*) 0x0000016ab200fe60, (CMBitMap*) 0x0000016ab200fe28
 Prev Bits: [0x0000016ac79f0000, 0x0000016ac99f0000)
 Next Bits: [0x0000016ac59f0000, 0x0000016ac79f0000)

Polling page: 0x0000016aaff10000

Metaspace:

Usage:
  Non-class:     89.35 MB capacity,    87.71 MB ( 98%) used,     1.33 MB (  1%) free+waste,   321.69 KB ( <1%) overhead. 
      Class:     14.22 MB capacity,    13.25 MB ( 93%) used,   838.19 KB (  6%) free+waste,   146.63 KB (  1%) overhead. 
       Both:    103.57 MB capacity,   100.96 MB ( 97%) used,     2.15 MB (  2%) free+waste,   468.31 KB ( <1%) overhead. 

Virtual space:
  Non-class space:       90.00 MB reserved,      89.75 MB (>99%) committed 
      Class space:        1.00 GB reserved,      14.50 MB (  1%) committed 
             Both:        1.09 GB reserved,     104.25 MB (  9%) committed 

Chunk freelists:
   Non-Class:  277.00 KB
       Class:  195.00 KB
        Both:  472.00 KB

MaxMetaspaceSize: 17179869184.00 GB
CompressedClassSpaceSize: 1.00 GB

CodeHeap 'non-profiled nmethods': size=120000Kb used=6746Kb max_used=6746Kb free=113254Kb
 bounds [0x0000016abd590000, 0x0000016abdc30000, 0x0000016ac4ac0000]
CodeHeap 'profiled nmethods': size=120000Kb used=25737Kb max_used=25737Kb free=94263Kb
 bounds [0x0000016ab6060000, 0x0000016ab7990000, 0x0000016abd590000]
CodeHeap 'non-nmethods': size=5760Kb used=2323Kb max_used=2385Kb free=3436Kb
 bounds [0x0000016ab5ac0000, 0x0000016ab5d30000, 0x0000016ab6060000]
 total_blobs=13170 nmethods=12235 adapters=846
 compilation: enabled
              stopped_count=0, restarted_count=0
 full_count=0

Compilation events (20 events):
Event: 17.348 Thread 0x0000016acccd4000 12429       3       com.android.tools.r8.dex.b$$Lambda$1482/0x0000000100dbb040::get$Lambda (9 bytes)
Event: 17.348 Thread 0x0000016acccd4000 nmethod 12429 0x0000016ab797e490 code [0x0000016ab797e660, 0x0000016ab797e8b8]
Event: 17.348 Thread 0x0000016acccd4000 12430       3       com.android.tools.r8.dex.b$$Lambda$1482/0x0000000100dbb040::<init> (10 bytes)
Event: 17.348 Thread 0x0000016acccd4000 nmethod 12430 0x0000016ab797e990 code [0x0000016ab797eb40, 0x0000016ab797ecf8]
Event: 17.348 Thread 0x0000016acccd4000 12431       3       com.android.tools.r8.naming.K$b::a (5 bytes)
Event: 17.348 Thread 0x0000016acccd4000 nmethod 12431 0x0000016ab797ed90 code [0x0000016ab797ef40, 0x0000016ab797f078]
Event: 17.349 Thread 0x0000016acccd4000 12432       3       com.android.tools.r8.graph.r::a (47 bytes)
Event: 17.350 Thread 0x0000016acccd4000 nmethod 12432 0x0000016ab797f190 code [0x0000016ab797f420, 0x0000016ab7980318]
Event: 17.350 Thread 0x0000016acccd4000 12434       3       com.android.tools.r8.graph.z::W (6 bytes)
Event: 17.350 Thread 0x0000016acccd4000 nmethod 12434 0x0000016ab7980910 code [0x0000016ab7980ac0, 0x0000016ab7980bd8]
Event: 17.350 Thread 0x0000016acccd4000 12435       3       com.android.tools.r8.graph.z::X (10 bytes)
Event: 17.350 Thread 0x0000016acccd4000 nmethod 12435 0x0000016ab7980c90 code [0x0000016ab7980e40, 0x0000016ab7981008]
Event: 17.350 Thread 0x0000016acccd4000 12436       3       com.android.tools.r8.graph.z::V (8 bytes)
Event: 17.350 Thread 0x0000016acccd4000 nmethod 12436 0x0000016ab7981110 code [0x0000016ab79812c0, 0x0000016ab7981478]
Event: 17.350 Thread 0x0000016acccd4000 12437       2       com.android.tools.r8.graph.f0$d::<init> (10 bytes)
Event: 17.350 Thread 0x0000016acccd4000 nmethod 12437 0x0000016ab7981510 code [0x0000016ab79816c0, 0x0000016ab79817f8]
Event: 17.351 Thread 0x0000016acccd4000 12438       3       com.android.tools.r8.graph.r::a (19 bytes)
Event: 17.351 Thread 0x0000016acccd4000 nmethod 12438 0x0000016ab7981890 code [0x0000016ab7981a80, 0x0000016ab7981e88]
Event: 17.352 Thread 0x0000016acccd4000 12439       3       com.android.tools.r8.internal.ng::e (13 bytes)
Event: 17.352 Thread 0x0000016acccd4000 nmethod 12439 0x0000016ab7982090 code [0x0000016ab7982240, 0x0000016ab7982398]

GC Heap History (20 events):
Event: 15.924 GC heap after
{Heap after GC invocations=18 (full 0):
 garbage-first heap   total 194560K, used 79212K [0x0000000080000000, 0x0000000100000000)
  region size 1024K, 9 young (9216K), 9 survivors (9216K)
 Metaspace       used 99106K, capacity 101774K, committed 102144K, reserved 1136640K
  class space    used 12976K, capacity 13964K, committed 14080K, reserved 1048576K
}
Event: 16.191 GC heap before
{Heap before GC invocations=18 (full 0):
 garbage-first heap   total 194560K, used 140652K [0x0000000080000000, 0x0000000100000000)
  region size 1024K, 55 young (56320K), 9 survivors (9216K)
 Metaspace       used 101360K, capacity 104186K, committed 104320K, reserved 1138688K
  class space    used 13326K, capacity 14397K, committed 14464K, reserved 1048576K
}
Event: 16.201 GC heap after
{Heap after GC invocations=19 (full 0):
 garbage-first heap   total 194560K, used 99033K [0x0000000080000000, 0x0000000100000000)
  region size 1024K, 11 young (11264K), 11 survivors (11264K)
 Metaspace       used 101360K, capacity 104186K, committed 104320K, reserved 1138688K
  class space    used 13326K, capacity 14397K, committed 14464K, reserved 1048576K
}
Event: 16.412 GC heap before
{Heap before GC invocations=20 (full 0):
 garbage-first heap   total 194560K, used 158425K [0x0000000080000000, 0x0000000100000000)
  region size 1024K, 57 young (58368K), 11 survivors (11264K)
 Metaspace       used 101918K, capacity 104740K, committed 105216K, reserved 1140736K
  class space    used 13361K, capacity 14416K, committed 14592K, reserved 1048576K
}
Event: 16.462 GC heap after
{Heap after GC invocations=21 (full 0):
 garbage-first heap   total 194560K, used 122880K [0x0000000080000000, 0x0000000100000000)
  region size 1024K, 9 young (9216K), 9 survivors (9216K)
 Metaspace       used 101918K, capacity 104740K, committed 105216K, reserved 1140736K
  class space    used 13361K, capacity 14416K, committed 14592K, reserved 1048576K
}
Event: 16.697 GC heap before
{Heap before GC invocations=22 (full 0):
 garbage-first heap   total 194560K, used 157696K [0x0000000080000000, 0x0000000100000000)
  region size 1024K, 42 young (43008K), 9 survivors (9216K)
 Metaspace       used 103158K, capacity 106013K, committed 106240K, reserved 1140736K
  class space    used 13643K, capacity 14713K, committed 14848K, reserved 1048576K
}
Event: 16.717 GC heap after
{Heap after GC invocations=23 (full 0):
 garbage-first heap   total 194560K, used 137414K [0x0000000080000000, 0x0000000100000000)
  region size 1024K, 6 young (6144K), 6 survivors (6144K)
 Metaspace       used 103158K, capacity 106013K, committed 106240K, reserved 1140736K
  class space    used 13643K, capacity 14713K, committed 14848K, reserved 1048576K
}
Event: 16.775 GC heap before
{Heap before GC invocations=23 (full 0):
 garbage-first heap   total 194560K, used 157894K [0x0000000080000000, 0x0000000100000000)
  region size 1024K, 27 young (27648K), 6 survivors (6144K)
 Metaspace       used 103248K, capacity 106085K, committed 106496K, reserved 1140736K
  class space    used 13643K, capacity 14713K, committed 14848K, reserved 1048576K
}
Event: 16.791 GC heap after
{Heap after GC invocations=24 (full 0):
 garbage-first heap   total 194560K, used 148798K [0x0000000080000000, 0x0000000100000000)
  region size 1024K, 4 young (4096K), 4 survivors (4096K)
 Metaspace       used 103248K, capacity 106085K, committed 106496K, reserved 1140736K
  class space    used 13643K, capacity 14713K, committed 14848K, reserved 1048576K
}
Event: 16.825 GC heap before
{Heap before GC invocations=24 (full 0):
 garbage-first heap   total 194560K, used 161086K [0x0000000080000000, 0x0000000100000000)
  region size 1024K, 16 young (16384K), 4 survivors (4096K)
 Metaspace       used 103275K, capacity 106089K, committed 106496K, reserved 1140736K
  class space    used 13643K, capacity 14713K, committed 14848K, reserved 1048576K
}
Event: 16.833 GC heap after
{Heap after GC invocations=25 (full 0):
 garbage-first heap   total 194560K, used 155648K [0x0000000080000000, 0x0000000100000000)
  region size 1024K, 2 young (2048K), 2 survivors (2048K)
 Metaspace       used 103275K, capacity 106089K, committed 106496K, reserved 1140736K
  class space    used 13643K, capacity 14713K, committed 14848K, reserved 1048576K
}
Event: 16.862 GC heap before
{Heap before GC invocations=25 (full 0):
 garbage-first heap   total 194560K, used 164864K [0x0000000080000000, 0x0000000100000000)
  region size 1024K, 11 young (11264K), 2 survivors (2048K)
 Metaspace       used 103281K, capacity 106089K, committed 106496K, reserved 1140736K
  class space    used 13643K, capacity 14713K, committed 14848K, reserved 1048576K
}
Event: 16.882 GC heap after
{Heap after GC invocations=26 (full 0):
 garbage-first heap   total 247808K, used 160995K [0x0000000080000000, 0x0000000100000000)
  region size 1024K, 2 young (2048K), 2 survivors (2048K)
 Metaspace       used 103281K, capacity 106089K, committed 106496K, reserved 1140736K
  class space    used 13643K, capacity 14713K, committed 14848K, reserved 1048576K
}
Event: 16.978 GC heap before
{Heap before GC invocations=26 (full 0):
 garbage-first heap   total 247808K, used 189667K [0x0000000080000000, 0x0000000100000000)
  region size 1024K, 30 young (30720K), 2 survivors (2048K)
 Metaspace       used 103288K, capacity 106089K, committed 106496K, reserved 1140736K
  class space    used 13643K, capacity 14713K, committed 14848K, reserved 1048576K
}
Event: 16.990 GC heap after
{Heap after GC invocations=27 (full 0):
 garbage-first heap   total 247808K, used 176093K [0x0000000080000000, 0x0000000100000000)
  region size 1024K, 4 young (4096K), 4 survivors (4096K)
 Metaspace       used 103288K, capacity 106089K, committed 106496K, reserved 1140736K
  class space    used 13643K, capacity 14713K, committed 14848K, reserved 1048576K
}
Event: 17.125 GC heap before
{Heap before GC invocations=28 (full 0):
 garbage-first heap   total 247808K, used 197597K [0x0000000080000000, 0x0000000100000000)
  region size 1024K, 25 young (25600K), 4 survivors (4096K)
 Metaspace       used 103048K, capacity 105634K, committed 106496K, reserved 1140736K
  class space    used 13511K, capacity 14465K, committed 14848K, reserved 1048576K
}
Event: 17.136 GC heap after
{Heap after GC invocations=29 (full 0):
 garbage-first heap   total 247808K, used 185672K [0x0000000080000000, 0x0000000100000000)
  region size 1024K, 4 young (4096K), 4 survivors (4096K)
 Metaspace       used 103048K, capacity 105634K, committed 106496K, reserved 1140736K
  class space    used 13511K, capacity 14465K, committed 14848K, reserved 1048576K
}
Event: 17.228 GC heap before
{Heap before GC invocations=29 (full 0):
 garbage-first heap   total 247808K, used 201032K [0x0000000080000000, 0x0000000100000000)
  region size 1024K, 20 young (20480K), 4 survivors (4096K)
 Metaspace       used 103330K, capacity 106037K, committed 106752K, reserved 1140736K
  class space    used 13568K, capacity 14553K, committed 14848K, reserved 1048576K
}
Event: 17.236 GC heap after
{Heap after GC invocations=30 (full 0):
 garbage-first heap   total 247808K, used 189440K [0x0000000080000000, 0x0000000100000000)
  region size 1024K, 3 young (3072K), 3 survivors (3072K)
 Metaspace       used 103330K, capacity 106037K, committed 106752K, reserved 1140736K
  class space    used 13568K, capacity 14553K, committed 14848K, reserved 1048576K
}
Event: 17.355 GC heap before
{Heap before GC invocations=30 (full 0):
 garbage-first heap   total 247808K, used 205824K [0x0000000080000000, 0x0000000100000000)
  region size 1024K, 19 young (19456K), 3 survivors (3072K)
 Metaspace       used 103385K, capacity 106056K, committed 106752K, reserved 1140736K
  class space    used 13572K, capacity 14557K, committed 14848K, reserved 1048576K
}

Deoptimization events (20 events):
Event: 17.210 Thread 0x0000016ad2be0000 DEOPT PACKING pc=0x0000016abdbcd4c8 sp=0x00000045bb7fcba0
Event: 17.210 Thread 0x0000016ad2be0000 DEOPT UNPACKING pc=0x0000016ab5ae78af sp=0x00000045bb7fcb58 mode 2
Event: 17.216 Thread 0x0000016ad2be0000 Uncommon trap: trap_request=0xffffffc6 fr.pc=0x0000016abdbc44f8 relative=0x0000000000000538
Event: 17.216 Thread 0x0000016ad2be0000 Uncommon trap: reason=bimorphic_or_optimized_type_check action=maybe_recompile pc=0x0000016abdbc44f8 method=com.android.tools.r8.internal.DA.a(Ljava/lang/Object;[Lcom/android/tools/r8/internal/zf;I)Ljava/lang/Object; @ 13 c2
Event: 17.216 Thread 0x0000016ad2be0000 DEOPT PACKING pc=0x0000016abdbc44f8 sp=0x00000045bb7fd1f0
Event: 17.216 Thread 0x0000016ad2be0000 DEOPT UNPACKING pc=0x0000016ab5ae78af sp=0x00000045bb7fd148 mode 2
Event: 17.216 Thread 0x0000016ad2be0000 Uncommon trap: trap_request=0xffffffc6 fr.pc=0x0000016abdbc44f8 relative=0x0000000000000538
Event: 17.216 Thread 0x0000016ad2be0000 Uncommon trap: reason=bimorphic_or_optimized_type_check action=maybe_recompile pc=0x0000016abdbc44f8 method=com.android.tools.r8.internal.DA.a(Ljava/lang/Object;[Lcom/android/tools/r8/internal/zf;I)Ljava/lang/Object; @ 13 c2
Event: 17.216 Thread 0x0000016ad2be0000 DEOPT PACKING pc=0x0000016abdbc44f8 sp=0x00000045bb7fd1f0
Event: 17.216 Thread 0x0000016ad2be0000 DEOPT UNPACKING pc=0x0000016ab5ae78af sp=0x00000045bb7fd148 mode 2
Event: 17.216 Thread 0x0000016ad2be0000 Uncommon trap: trap_request=0xffffffc6 fr.pc=0x0000016abdbc44f8 relative=0x0000000000000538
Event: 17.216 Thread 0x0000016ad2be0000 Uncommon trap: reason=bimorphic_or_optimized_type_check action=maybe_recompile pc=0x0000016abdbc44f8 method=com.android.tools.r8.internal.DA.a(Ljava/lang/Object;[Lcom/android/tools/r8/internal/zf;I)Ljava/lang/Object; @ 13 c2
Event: 17.216 Thread 0x0000016ad2be0000 DEOPT PACKING pc=0x0000016abdbc44f8 sp=0x00000045bb7fd1f0
Event: 17.216 Thread 0x0000016ad2be0000 DEOPT UNPACKING pc=0x0000016ab5ae78af sp=0x00000045bb7fd148 mode 2
Event: 17.216 Thread 0x0000016ad2be0000 Uncommon trap: trap_request=0xffffffc6 fr.pc=0x0000016abdbc44f8 relative=0x0000000000000538
Event: 17.216 Thread 0x0000016ad2be0000 Uncommon trap: reason=bimorphic_or_optimized_type_check action=maybe_recompile pc=0x0000016abdbc44f8 method=com.android.tools.r8.internal.DA.a(Ljava/lang/Object;[Lcom/android/tools/r8/internal/zf;I)Ljava/lang/Object; @ 13 c2
Event: 17.216 Thread 0x0000016ad2be0000 DEOPT PACKING pc=0x0000016abdbc44f8 sp=0x00000045bb7fd1f0
Event: 17.216 Thread 0x0000016ad2be0000 DEOPT UNPACKING pc=0x0000016ab5ae78af sp=0x00000045bb7fd148 mode 2
Event: 17.326 Thread 0x0000016ad2be0000 DEOPT PACKING pc=0x0000016ab7961f09 sp=0x00000045bb7fd0a0
Event: 17.326 Thread 0x0000016ad2be0000 DEOPT UNPACKING pc=0x0000016ab5ae76ce sp=0x00000045bb7fc5a8 mode 0

Classes redefined (0 events):
No events

Internal exceptions (20 events):
Event: 15.970 Thread 0x0000016acf9cd000 Exception <a 'java/lang/IncompatibleClassChangeError'{0x000000008b9f0ec0}: Found class java.lang.Object, but interface was expected> (0x000000008b9f0ec0) thrown at [./src/hotspot/share/interpreter/linkResolver.cpp, line 839]
Event: 15.992 Thread 0x0000016acf9cd000 Exception <a 'java/lang/NoSuchMethodError'{0x000000008b7f1580}: 'void java.lang.invoke.DirectMethodHandle$Holder.invokeVirtual(java.lang.Object, java.lang.Object, int)'> (0x000000008b7f1580) thrown at [./src/hotspot/share/interpreter/linkResolver.cpp, line 773]
Event: 15.992 Thread 0x0000016acf9d1000 Exception <a 'java/lang/NoSuchMethodError'{0x000000008b611e40}: 'void java.lang.invoke.DirectMethodHandle$Holder.invokeVirtual(java.lang.Object, java.lang.Object, int)'> (0x000000008b611e40) thrown at [./src/hotspot/share/interpreter/linkResolver.cpp, line 773]
Event: 16.005 Thread 0x0000016acf9cd000 Exception <a 'sun/nio/fs/WindowsException'{0x000000008b6de488}> (0x000000008b6de488) thrown at [./src/hotspot/share/prims/jni.cpp, line 615]
Event: 16.005 Thread 0x0000016acf9d1000 Exception <a 'sun/nio/fs/WindowsException'{0x000000008b500d28}> (0x000000008b500d28) thrown at [./src/hotspot/share/prims/jni.cpp, line 615]
Event: 16.155 Thread 0x0000016ad2be0000 Exception <a 'sun/nio/fs/WindowsException'{0x0000000089eff020}> (0x0000000089eff020) thrown at [./src/hotspot/share/prims/jni.cpp, line 615]
Event: 16.269 Thread 0x0000016acdcd1000 Exception <a 'java/lang/NoSuchMethodError'{0x000000008aea2b18}: <clinit>> (0x000000008aea2b18) thrown at [./src/hotspot/share/prims/jni.cpp, line 1362]
Event: 16.269 Thread 0x0000016acdcd1000 Exception <a 'java/lang/NoSuchMethodError'{0x000000008aea48f0}: <clinit>> (0x000000008aea48f0) thrown at [./src/hotspot/share/prims/jni.cpp, line 1362]
Event: 16.269 Thread 0x0000016acdcd1000 Exception <a 'java/lang/NoSuchMethodError'{0x000000008aea7848}: <clinit>> (0x000000008aea7848) thrown at [./src/hotspot/share/prims/jni.cpp, line 1362]
Event: 16.271 Thread 0x0000016acdcd1000 Exception <a 'java/lang/NoSuchMethodError'{0x000000008aecc318}: <clinit>> (0x000000008aecc318) thrown at [./src/hotspot/share/prims/jni.cpp, line 1362]
Event: 16.271 Thread 0x0000016acdcd1000 Exception <a 'java/lang/NoSuchMethodError'{0x000000008aecdff0}: <clinit>> (0x000000008aecdff0) thrown at [./src/hotspot/share/prims/jni.cpp, line 1362]
Event: 16.286 Thread 0x0000016acdcd1000 Exception <a 'java/lang/NoSuchMethodError'{0x000000008aa5e470}: <clinit>> (0x000000008aa5e470) thrown at [./src/hotspot/share/prims/jni.cpp, line 1362]
Event: 16.290 Thread 0x0000016acdcd1000 Exception <a 'java/lang/NoSuchMethodError'{0x000000008aa9a510}: <clinit>> (0x000000008aa9a510) thrown at [./src/hotspot/share/prims/jni.cpp, line 1362]
Event: 16.291 Thread 0x0000016acdcd1000 Exception <a 'java/lang/NoSuchMethodError'{0x000000008a9334e8}: <clinit>> (0x000000008a9334e8) thrown at [./src/hotspot/share/prims/jni.cpp, line 1362]
Event: 16.352 Thread 0x0000016ad1279000 Exception <a 'java/lang/NoSuchMethodError'{0x0000000089f9e328}: 'void java.lang.invoke.DirectMethodHandle$Holder.invokeStatic(java.lang.Object, long)'> (0x0000000089f9e328) thrown at [./src/hotspot/share/interpreter/linkResolver.cpp, line 773]
Event: 16.354 Thread 0x0000016ad1279000 Exception <a 'java/lang/NoSuchMethodError'{0x0000000089d86000}: 'java.lang.Object java.lang.invoke.DirectMethodHandle$Holder.invokeStaticInit(java.lang.Object, java.lang.Object, long, java.lang.Object)'> (0x0000000089d86000) thrown at [./src/hotspot/share/interpreter/linkResolver.cpp, line 773]
Event: 16.354 Thread 0x0000016ad1279000 Exception <a 'java/lang/NoSuchMethodError'{0x0000000089d92bd8}: 'java.lang.Object java.lang.invoke.DirectMethodHandle$Holder.invokeStatic(java.lang.Object, java.lang.Object, long)'> (0x0000000089d92bd8) thrown at [./src/hotspot/share/interpreter/linkResolver.cpp, line 773]
Event: 16.354 Thread 0x0000016ad1279000 Exception <a 'java/lang/NoSuchMethodError'{0x0000000089dc3988}: 'java.lang.Object java.lang.invoke.Invokers$Holder.linkToTargetMethod(java.lang.Object, long, java.lang.Object)'> (0x0000000089dc3988) thrown at [./src/hotspot/share/interpreter/linkResolver.cpp, line 773]
Event: 16.580 Thread 0x0000016ad1279000 Exception <a 'java/lang/NoSuchMethodError'{0x000000008ad05f78}: 'int java.lang.invoke.DirectMethodHandle$Holder.invokeSpecialIFC(java.lang.Object, java.lang.Object, java.lang.Object)'> (0x000000008ad05f78) thrown at [./src/hotspot/share/interpreter/linkResolver.cpp, line 773]
Event: 17.192 Thread 0x0000016ad2be0000 Exception <a 'java/lang/IncompatibleClassChangeError'{0x000000008e4bb310}: Found class java.lang.Object, but interface was expected> (0x000000008e4bb310) thrown at [./src/hotspot/share/interpreter/linkResolver.cpp, line 839]

Events (20 events):
Event: 17.339 loading class com/android/tools/r8/graph/v0 done
Event: 17.339 loading class com/android/tools/r8/graph/d0
Event: 17.339 loading class com/android/tools/r8/graph/d0 done
Event: 17.339 loading class com/android/tools/r8/graph/v0
Event: 17.339 loading class com/android/tools/r8/graph/v0 done
Event: 17.339 loading class com/android/tools/r8/graph/v0
Event: 17.339 loading class com/android/tools/r8/graph/v0 done
Event: 17.340 loading class com/android/tools/r8/graph/v0
Event: 17.340 loading class com/android/tools/r8/graph/v0 done
Event: 17.340 loading class com/android/tools/r8/shaking/A0$b
Event: 17.340 loading class com/android/tools/r8/shaking/A0$b done
Event: 17.340 loading class com/android/tools/r8/graph/X
Event: 17.340 loading class com/android/tools/r8/graph/X done
Event: 17.340 loading class com/android/tools/r8/shaking/A0$b
Event: 17.340 loading class com/android/tools/r8/shaking/A0$b done
Event: 17.340 loading class com/android/tools/r8/graph/v0
Event: 17.340 loading class com/android/tools/r8/graph/v0 done
Event: 17.340 loading class com/android/tools/r8/graph/v0
Event: 17.340 loading class com/android/tools/r8/graph/v0 done
Event: 17.355 Executing VM operation: G1CollectForAllocation


Dynamic libraries:
0x00007ff7d4120000 - 0x00007ff7d412a000 	C:\Program Files\Android\Android Studio\jre\bin\java.exe
0x00007fffe0530000 - 0x00007fffe0725000 	C:\Windows\SYSTEM32\ntdll.dll
0x00007fffdf980000 - 0x00007fffdfa3e000 	C:\Windows\System32\KERNEL32.DLL
0x00007fffde150000 - 0x00007fffde418000 	C:\Windows\System32\KERNELBASE.dll
0x00007fffddc40000 - 0x00007fffddd40000 	C:\Windows\System32\ucrtbase.dll
0x00007fff64c50000 - 0x00007fff64c67000 	C:\Program Files\Android\Android Studio\jre\bin\VCRUNTIME140.dll
0x00007fff53d50000 - 0x00007fff53d69000 	C:\Program Files\Android\Android Studio\jre\bin\jli.dll
0x00007fffe0320000 - 0x00007fffe04c0000 	C:\Windows\System32\USER32.dll
0x00007fffde000000 - 0x00007fffde022000 	C:\Windows\System32\win32u.dll
0x00007fffd46a0000 - 0x00007fffd493a000 	C:\Windows\WinSxS\amd64_microsoft.windows.common-controls_6595b64144ccf1df_6.0.19041.1110_none_60b5254171f9507e\COMCTL32.dll
0x00007fffde650000 - 0x00007fffde67b000 	C:\Windows\System32\GDI32.dll
0x00007fffdf770000 - 0x00007fffdf80e000 	C:\Windows\System32\msvcrt.dll
0x00007fffddef0000 - 0x00007fffddffd000 	C:\Windows\System32\gdi32full.dll
0x00007fffdddd0000 - 0x00007fffdde6d000 	C:\Windows\System32\msvcp_win.dll
0x00007fffe04c0000 - 0x00007fffe04f0000 	C:\Windows\System32\IMM32.DLL
0x00007fff52de0000 - 0x00007fff52e7d000 	C:\Program Files\Android\Android Studio\jre\bin\msvcp140.dll
0x00007fff52280000 - 0x00007fff52d4f000 	C:\Program Files\Android\Android Studio\jre\bin\server\jvm.dll
0x00007fffde970000 - 0x00007fffdea1e000 	C:\Windows\System32\ADVAPI32.dll
0x00007fffdf810000 - 0x00007fffdf8ac000 	C:\Windows\System32\sechost.dll
0x00007fffdebd0000 - 0x00007fffdecf5000 	C:\Windows\System32\RPCRT4.dll
0x00007fffde8b0000 - 0x00007fffde8b8000 	C:\Windows\System32\PSAPI.DLL
0x00007fffc5db0000 - 0x00007fffc5db9000 	C:\Windows\SYSTEM32\WSOCK32.dll
0x00007fffd6840000 - 0x00007fffd684a000 	C:\Windows\SYSTEM32\VERSION.dll
0x00007fffce1f0000 - 0x00007fffce217000 	C:\Windows\SYSTEM32\WINMM.dll
0x00007fffdf8b0000 - 0x00007fffdf91b000 	C:\Windows\System32\WS2_32.dll
0x00007fffdc510000 - 0x00007fffdc522000 	C:\Windows\SYSTEM32\kernel.appcore.dll
0x00007fffd9470000 - 0x00007fffd9481000 	C:\Program Files\Android\Android Studio\jre\bin\verify.dll
0x00007fffdbb00000 - 0x00007fffdbce4000 	C:\Windows\SYSTEM32\DBGHELP.DLL
0x00007fffc9e30000 - 0x00007fffc9e5c000 	C:\Windows\SYSTEM32\dbgcore.DLL
0x00007fffddd40000 - 0x00007fffdddc2000 	C:\Windows\System32\bcryptPrimitives.dll
0x00007fffbcfc0000 - 0x00007fffbcfe9000 	C:\Program Files\Android\Android Studio\jre\bin\java.dll
0x00007fffd6a10000 - 0x00007fffd6a1b000 	C:\Program Files\Android\Android Studio\jre\bin\jimage.dll
0x00007fffbe0e0000 - 0x00007fffbe0f8000 	C:\Program Files\Android\Android Studio\jre\bin\zip.dll
0x00007fffdfaf0000 - 0x00007fffe0234000 	C:\Windows\System32\SHELL32.dll
0x00007fffdbcf0000 - 0x00007fffdc484000 	C:\Windows\SYSTEM32\windows.storage.dll
0x00007fffdef90000 - 0x00007fffdf2e5000 	C:\Windows\System32\combase.dll
0x00007fffdd690000 - 0x00007fffdd6be000 	C:\Windows\SYSTEM32\Wldp.dll
0x00007fffdfa40000 - 0x00007fffdfaed000 	C:\Windows\System32\SHCORE.dll
0x00007fffe0250000 - 0x00007fffe02a5000 	C:\Windows\System32\shlwapi.dll
0x00007fffddb80000 - 0x00007fffddb9f000 	C:\Windows\SYSTEM32\profapi.dll
0x00007fffbda00000 - 0x00007fffbda1a000 	C:\Program Files\Android\Android Studio\jre\bin\net.dll
0x00007fffce680000 - 0x00007fffce78c000 	C:\Windows\SYSTEM32\WINHTTP.dll
0x00007fffdd3f0000 - 0x00007fffdd45a000 	C:\Windows\system32\mswsock.dll
0x00007fffbd120000 - 0x00007fffbd134000 	C:\Program Files\Android\Android Studio\jre\bin\nio.dll
0x00007fff88670000 - 0x00007fff88697000 	C:\Users\docbr\.gradle\native\8bec1ad78214c89d9ad589b4d07fe93259594b29d510b10fafb7a158f7737e5d\windows-amd64\native-platform.dll
0x00007fff53580000 - 0x00007fff536bd000 	C:\Users\docbr\.gradle\native\53dbd7edfb1c66fb8903c78663c9afc45aea4f116125fa6feffd364cf09443e8\windows-amd64\native-platform-file-events.dll
0x00007fffd49a0000 - 0x00007fffd49aa000 	C:\Program Files\Android\Android Studio\jre\bin\management.dll
0x00007fffbd100000 - 0x00007fffbd10c000 	C:\Program Files\Android\Android Studio\jre\bin\management_ext.dll
0x00007fffdd5f0000 - 0x00007fffdd608000 	C:\Windows\SYSTEM32\CRYPTSP.dll
0x00007fffdcd00000 - 0x00007fffdcd34000 	C:\Windows\system32\rsaenh.dll
0x00007fffdde70000 - 0x00007fffdde97000 	C:\Windows\System32\bcrypt.dll
0x00007fffddb40000 - 0x00007fffddb6e000 	C:\Windows\SYSTEM32\USERENV.dll
0x00007fffdd5e0000 - 0x00007fffdd5ec000 	C:\Windows\SYSTEM32\CRYPTBASE.dll
0x00007fffdd090000 - 0x00007fffdd0cb000 	C:\Windows\SYSTEM32\IPHLPAPI.DLL
0x00007fffe0310000 - 0x00007fffe0318000 	C:\Windows\System32\NSI.dll
0x00007fffd49b0000 - 0x00007fffd49c7000 	C:\Windows\SYSTEM32\dhcpcsvc6.DLL
0x00007fffd6280000 - 0x00007fffd629d000 	C:\Windows\SYSTEM32\dhcpcsvc.DLL
0x00007fffdd0e0000 - 0x00007fffdd1ab000 	C:\Windows\SYSTEM32\DNSAPI.dll

dbghelp: loaded successfully - version: 4.0.5 - missing functions: none
symbol engine: initialized successfully - sym options: 0x614 - pdb path: .;C:\Program Files\Android\Android Studio\jre\bin;C:\Windows\SYSTEM32;C:\Windows\WinSxS\amd64_microsoft.windows.common-controls_6595b64144ccf1df_6.0.19041.1110_none_60b5254171f9507e;C:\Program Files\Android\Android Studio\jre\bin\server;C:\Users\docbr\.gradle\native\8bec1ad78214c89d9ad589b4d07fe93259594b29d510b10fafb7a158f7737e5d\windows-amd64;C:\Users\docbr\.gradle\native\53dbd7edfb1c66fb8903c78663c9afc45aea4f116125fa6feffd364cf09443e8\windows-amd64

VM Arguments:
jvm_args: --add-opens=java.base/java.util=ALL-UNNAMED --add-opens=java.base/java.lang=ALL-UNNAMED --add-opens=java.base/java.lang.invoke=ALL-UNNAMED --add-opens=java.base/java.util=ALL-UNNAMED --add-opens=java.prefs/java.util.prefs=ALL-UNNAMED --add-opens=java.prefs/java.util.prefs=ALL-UNNAMED --add-opens=java.base/java.nio.charset=ALL-UNNAMED --add-opens=java.base/java.net=ALL-UNNAMED --add-opens=java.base/java.util.concurrent.atomic=ALL-UNNAMED -Xmx2048m -Dfile.encoding=UTF-8 -Duser.country=US -Duser.language=en -Duser.variant 
java_command: org.gradle.launcher.daemon.bootstrap.GradleDaemon 7.0.2
java_class_path (initial): C:\Users\docbr\.gradle\wrapper\dists\gradle-7.0.2-bin\857tjihv64xamwrf0h14cai3r\gradle-7.0.2\lib\gradle-launcher-7.0.2.jar
Launcher Type: SUN_STANDARD

[Global flags]
     intx CICompilerCount                          = 4                                         {product} {ergonomic}
     uint ConcGCThreads                            = 2                                         {product} {ergonomic}
     uint G1ConcRefinementThreads                  = 8                                         {product} {ergonomic}
   size_t G1HeapRegionSize                         = 1048576                                   {product} {ergonomic}
    uintx GCDrainStackTargetSize                   = 64                                        {product} {ergonomic}
   size_t InitialHeapSize                          = 199229440                                 {product} {ergonomic}
   size_t MarkStackSize                            = 4194304                                   {product} {ergonomic}
   size_t MaxHeapSize                              = 2147483648                                {product} {command line}
   size_t MaxNewSize                               = 1287651328                                {product} {ergonomic}
   size_t MinHeapDeltaBytes                        = 1048576                                   {product} {ergonomic}
    uintx NonNMethodCodeHeapSize                   = 5836300                                {pd product} {ergonomic}
    uintx NonProfiledCodeHeapSize                  = 122910970                              {pd product} {ergonomic}
    uintx ProfiledCodeHeapSize                     = 122910970                              {pd product} {ergonomic}
    uintx ReservedCodeCacheSize                    = 251658240                              {pd product} {ergonomic}
     bool SegmentedCodeCache                       = true                                      {product} {ergonomic}
     bool UseCompressedClassPointers               = true                                 {lp64_product} {ergonomic}
     bool UseCompressedOops                        = true                                 {lp64_product} {ergonomic}
     bool UseG1GC                                  = true                                      {product} {ergonomic}
     bool UseLargePagesIndividualAllocation        = false                                  {pd product} {ergonomic}

Logging:
Log output configuration:
 #0: stdout all=warning uptime,level,tags
 #1: stderr all=off uptime,level,tags

Environment Variables:
PATH=C:\windows\system32;C:\windows;C:\windows\System32\Wbem;C:\windows\System32\WindowsPowerShell\v1.0\;C:\Program Files (x86)\NVIDIA Corporation\PhysX\Common;c:\Program Files\Intel\WiFi\bin\;c:\Program Files\Common Files\Intel\WirelessCommon\;C:\Windows\system32;C:\Windows;C:\Windows\System32\Wbem;C:\Windows\System32\WindowsPowerShell\v1.0\;C:\Windows\System32\OpenSSH\;C:\Program Files\Git\cmd;C:\Program Files\MySQL\MySQL Shell 8.0\bin\;C:\Users\docbr\AppData\Local\Microsoft\WindowsApps;C:\Users\docbr\AppData\Local\atom\bin
USERNAME=docbr
OS=Windows_NT
PROCESSOR_IDENTIFIER=Intel64 Family 6 Model 94 Stepping 3, GenuineIntel



---------------  S Y S T E M  ---------------

OS: Windows 10 , 64 bit Build 19041 (10.0.19041.1503)
OS uptime: 0 days 22:45 hours

CPU:total 8 (initial active 8) (4 cores per cpu, 2 threads per core) family 6 model 94 stepping 3 microcode 0xcc, cmov, cx8, fxsr, mmx, sse, sse2, sse3, ssse3, sse4.1, sse4.2, popcnt, avx, avx2, aes, clmul, erms, rtm, 3dnowpref, lzcnt, ht, tsc, tscinvbit, bmi1, bmi2, adx, fma

Memory: 4k page, system-wide physical 12147M (382M free)
TotalPageFile size 16243M (AvailPageFile size 76M)
current process WorkingSet (physical memory assigned to process): 526M, peak: 530M
current process commit charge ("private bytes"): 583M, peak: 665M

vm_info: OpenJDK 64-Bit Server VM (11.0.10+0-b96-7249189) for windows-amd64 JRE (11.0.10+0-b96-7249189), built on Mar 31 2021 21:44:00 by "builder" with MS VC++ 14.0 (VS2015)

END.
